Log file open, 12/02/19 16:41:57
LogWindows: Failed to load 'aqProf.dll' (GetLastError=126)
LogWindows: File 'aqProf.dll' does not exist
LogWindows: Failed to load 'VtuneApi.dll' (GetLastError=126)
LogWindows: File 'VtuneApi.dll' does not exist
LogWindows: Failed to load 'VtuneApi32e.dll' (GetLastError=126)
LogWindows: File 'VtuneApi32e.dll' does not exist
LogConsoleResponse: Display: Failed to find resolution value strings in scalability ini. Falling back to default.
LogInit: Display: Running engine for game: Prevertical
LogPakFile: Registered encryption key '00000000000000000000000000000000': 0 pak files mounted, 0 remain pending
LogPlatformFile: Not using cached read wrapper
LogTaskGraph: Started task graph with 5 named threads and 35 total threads with 3 sets of task threads.
LogStats: Stats thread started at 0.389544
LogD3D11RHI: Loaded GFSDK_Aftermath_Lib.x64.dll
LogICUInternationalization: ICU TimeZone Detection - Raw Offset: +1:00, Platform Override: ''
LogPluginManager: Mounting plugin Paper2D
LogPluginManager: Mounting plugin AISupport
LogPluginManager: Mounting plugin LightPropagationVolume
LogPluginManager: Mounting plugin ActorLayerUtilities
LogPluginManager: Mounting plugin AnimationSharing
LogPluginManager: Mounting plugin CLionSourceCodeAccess
LogPluginManager: Mounting plugin CodeLiteSourceCodeAccess
LogPluginManager: Mounting plugin GitSourceControl
LogPluginManager: Mounting plugin KDevelopSourceCodeAccess
LogPluginManager: Mounting plugin NullSourceCodeAccess
LogPluginManager: Mounting plugin PerforceSourceControl
LogPluginManager: Mounting plugin SubversionSourceControl
LogPluginManager: Mounting plugin UObjectPlugin
LogPluginManager: Mounting plugin VisualStudioCodeSourceCodeAccess
LogPluginManager: Mounting plugin VisualStudioSourceCodeAccess
LogPluginManager: Mounting plugin XCodeSourceCodeAccess
LogPluginManager: Mounting plugin AssetManagerEditor
LogPluginManager: Mounting plugin CryptoKeys
LogPluginManager: Mounting plugin DataValidation
LogPluginManager: Mounting plugin FacialAnimation
LogPluginManager: Mounting plugin GameplayTagsEditor
LogPluginManager: Mounting plugin MacGraphicsSwitching
LogPluginManager: Mounting plugin MaterialAnalyzer
LogPluginManager: Mounting plugin MobileLauncherProfileWizard
LogPluginManager: Mounting plugin PluginBrowser
LogPluginManager: Mounting plugin SpeedTreeImporter
LogPluginManager: Mounting plugin DatasmithContent
LogPluginManager: Mounting plugin VariantManagerContent
LogPluginManager: Mounting plugin AlembicImporter
LogPluginManager: Mounting plugin AppleImageUtils
LogPluginManager: Mounting plugin AppleVision
LogPluginManager: Mounting plugin BackChannel
LogPluginManager: Mounting plugin CharacterAI
LogPluginManager: Mounting plugin GeometryCache
LogPluginManager: Mounting plugin HTML5Networking
LogPluginManager: Mounting plugin ProxyLODPlugin
LogPluginManager: Mounting plugin SkeletalReduction
LogPluginManager: Mounting plugin MagicLeap
LogPluginManager: Mounting plugin MagicLeapMedia
LogPluginManager: Mounting plugin AndroidMedia
LogPluginManager: Mounting plugin AvfMedia
LogPluginManager: Mounting plugin ImgMedia
LogPluginManager: Mounting plugin LinearTimecode
LogPluginManager: Mounting plugin MediaCompositing
LogPluginManager: Mounting plugin MediaPlayerEditor
LogPluginManager: Mounting plugin WebMMedia
LogPluginManager: Mounting plugin WmfMedia
LogPluginManager: Mounting plugin TcpMessaging
LogPluginManager: Mounting plugin UdpMessaging
LogPluginManager: Mounting plugin ActorSequence
LogPluginManager: Mounting plugin LevelSequenceEditor
LogPluginManager: Mounting plugin MatineeToLevelSequence
LogPluginManager: Mounting plugin NetcodeUnitTest
LogPluginManager: Mounting plugin NUTUnrealEngine4
LogPluginManager: Mounting plugin OnlineSubsystemGooglePlay
LogPluginManager: Mounting plugin OnlineSubsystemIOS
LogPluginManager: Mounting plugin OnlineSubsystem
LogPluginManager: Mounting plugin OnlineSubsystemNull
LogPluginManager: Mounting plugin OnlineSubsystemUtils
LogPluginManager: Mounting plugin LauncherChunkInstaller
LogPluginManager: Mounting plugin AndroidDeviceProfileSelector
LogPluginManager: Mounting plugin AndroidMoviePlayer
LogPluginManager: Mounting plugin AndroidPermission
LogPluginManager: Mounting plugin AppleMoviePlayer
LogPluginManager: Mounting plugin ArchVisCharacter
LogPluginManager: Mounting plugin AudioCapture
LogPluginManager: Mounting plugin CableComponent
LogPluginManager: Mounting plugin CustomMeshComponent
LogPluginManager: Mounting plugin EditableMesh
LogPluginManager: Mounting plugin ExampleDeviceProfileSelector
LogPluginManager: Mounting plugin Firebase
LogPluginManager: Mounting plugin GoogleCloudMessaging
LogPluginManager: Mounting plugin IOSDeviceProfileSelector
LogPluginManager: Mounting plugin LinuxDeviceProfileSelector
LogPluginManager: Mounting plugin LocationServicesBPLibrary
LogPluginManager: Mounting plugin MobilePatchingUtils
LogPluginManager: Mounting plugin OculusVR
LogPluginManager: Mounting plugin PhysXVehicles
LogPluginManager: Mounting plugin ProceduralMeshComponent
LogPluginManager: Mounting plugin RuntimePhysXCooking
LogPluginManager: Mounting plugin SignificanceManager
LogPluginManager: Mounting plugin SteamVR
LogPluginManager: Mounting plugin WebMMoviePlayer
LogPluginManager: Mounting plugin WindowsMoviePlayer
LogInit: Using libcurl 7.55.1-DEV
LogInit:  - built for x86_64-pc-win32
LogInit:  - supports SSL with OpenSSL/1.1.1
LogInit:  - supports HTTP deflate (compression) using libz 1.2.8
LogInit:  - other features:
LogInit:      CURL_VERSION_SSL
LogInit:      CURL_VERSION_LIBZ
LogInit:      CURL_VERSION_IPV6
LogInit:      CURL_VERSION_ASYNCHDNS
LogInit:      CURL_VERSION_LARGEFILE
LogInit:      CURL_VERSION_IDN
LogInit:  CurlRequestOptions (configurable via config and command line):
LogInit:  - bVerifyPeer = true  - Libcurl will verify peer certificate
LogInit:  - bUseHttpProxy = false  - Libcurl will NOT use HTTP proxy
LogInit:  - bDontReuseConnections = false  - Libcurl will reuse connections
LogInit:  - MaxHostConnections = 16  - Libcurl will limit the number of connections to a host
LogInit:  - LocalHostAddr = Default
LogInit:  - BufferSize = 65536
LogInit: WinSock: version 1.1 (2.2), MaxSocks=32767, MaxUdp=65467
LogInit: Build: ++UE4+Release-4.22-CL-7053642
LogInit: Engine Version: 4.22.3-7053642+++UE4+Release-4.22
LogInit: Compatible Engine Version: 4.22.0-5660361+++UE4+Release-4.22
LogInit: Net CL: 5660361
LogInit: OS: Windows 10 (Release 1903) (), CPU: Intel(R) Core(TM) i7-9750H CPU @ 2.60GHz, GPU: Intel(R) UHD Graphics 630
LogInit: Compiled (64-bit): Jun 18 2019 03:09:11
LogInit: Compiled with Visual C++: 19.16.27025.01
LogInit: Build Configuration: Development
LogInit: Branch Name: ++UE4+Release-4.22
LogInit: Command Line:  -EpicPortal -epicusername=janjo1349 -epicuserid=f444965fd0a04fd8aa5f6a9744b28a02 -epiclocale=en-US
LogInit: Base Directory: C:/Program Files/Epic Games/UE_4.22/Engine/Binaries/Win64/
LogInit: Installed Engine Build: 1
LogDevObjectVersion: Number of dev versions registered: 23
LogDevObjectVersion:   Dev-Blueprints (B0D832E4-1F89-4F0D-ACCF-7EB736FD4AA2): 10
LogDevObjectVersion:   Dev-Build (E1C64328-A22C-4D53-A36C-8E866417BD8C): 0
LogDevObjectVersion:   Dev-Core (375EC13C-06E4-48FB-B500-84F0262A717E): 3
LogDevObjectVersion:   Dev-Editor (E4B068ED-F494-42E9-A231-DA0B2E46BB41): 30
LogDevObjectVersion:   Dev-Framework (CFFC743F-43B0-4480-9391-14DF171D2073): 35
LogDevObjectVersion:   Dev-Mobile (B02B49B5-BB20-44E9-A304-32B752E40360): 2
LogDevObjectVersion:   Dev-Networking (A4E4105C-59A1-49B5-A7C5-40C4547EDFEE): 0
LogDevObjectVersion:   Dev-Online (39C831C9-5AE6-47DC-9A44-9C173E1C8E7C): 0
LogDevObjectVersion:   Dev-Physics (78F01B33-EBEA-4F98-B9B4-84EACCB95AA2): 0
LogDevObjectVersion:   Dev-Platform (6631380F-2D4D-43E0-8009-CF276956A95A): 0
LogDevObjectVersion:   Dev-Rendering (12F88B9F-8875-4AFC-A67C-D90C383ABD29): 28
LogDevObjectVersion:   Dev-Sequencer (7B5AE74C-D270-4C10-A958-57980B212A5A): 11
LogDevObjectVersion:   Dev-VR (D7296918-1DD6-4BDD-9DE2-64A83CC13884): 2
LogDevObjectVersion:   Dev-LoadTimes (C2A15278-BFE7-4AFE-6C17-90FF531DF755): 1
LogDevObjectVersion:   Private-Geometry (6EACA3D4-40EC-4CC1-B786-8BED09428FC5): 3
LogDevObjectVersion:   Dev-AnimPhys (29E575DD-E0A3-4627-9D10-D276232CDCEA): 17
LogDevObjectVersion:   Dev-Anim (AF43A65D-7FD3-4947-9873-3E8ED9C1BB05): 2
LogDevObjectVersion:   Dev-ReflectionCapture (6B266CEC-1EC7-4B8F-A30B-E4D90942FC07): 1
LogDevObjectVersion:   Dev-Automation (0DF73D61-A23F-47EA-B727-89E90C41499A): 1
LogDevObjectVersion:   FortniteMain (601D1886-AC64-4F84-AA16-D3DE0DEAC7D6): 25
LogDevObjectVersion:   Dev-Enterprise (9DFFBCD6-494F-0158-E221-12823C92A888): 6
LogDevObjectVersion:   Dev-Niagara (F2AED0AC-9AFE-416F-8664-AA7FFA26D6FC): 1
LogDevObjectVersion:   Dev-Destruction (174F1F0B-B4C6-45A5-B13F-2EE8D0FB917D): 2
LogInit: Presizing for max 16777216 objects, including 0 objects not considered by GC, pre-allocating 0 bytes for permanent pool.
LogInit: Object subsystem initialized
LogConfig: Setting CVar [[con.DebugEarlyDefault:1]]
LogConfig: Setting CVar [[r.setres:1280x720]]
[2019.12.02-15.41.57:268][  0]LogConfig: Setting CVar [[r.VSync:0]]
[2019.12.02-15.41.57:268][  0]LogConfig: Setting CVar [[r.RHICmdBypass:0]]
[2019.12.02-15.41.57:268][  0]LogConfig: Applying CVar settings from Section [/Script/Engine.RendererSettings] File [C:/Users/drhut/OneDrive/Documentos/Unreal Projects/Prevertical/Saved/Config/Windows/Engine.ini]
[2019.12.02-15.41.57:268][  0]LogConfig: Setting CVar [[r.GPUCrashDebugging:0]]
[2019.12.02-15.41.57:268][  0]LogConfig: Setting CVar [[r.SkinCache.CompileShaders:1]]
[2019.12.02-15.41.57:268][  0]LogConfig: Setting CVar [[r.RayTracing:1]]
[2019.12.02-15.41.57:268][  0]LogConfig: Applying CVar settings from Section [/Script/Engine.RendererOverrideSettings] File [C:/Users/drhut/OneDrive/Documentos/Unreal Projects/Prevertical/Saved/Config/Windows/Engine.ini]
[2019.12.02-15.41.57:268][  0]LogConfig: Applying CVar settings from Section [/Script/Engine.StreamingSettings] File [C:/Users/drhut/OneDrive/Documentos/Unreal Projects/Prevertical/Saved/Config/Windows/Engine.ini]
[2019.12.02-15.41.57:268][  0]LogConfig: Setting CVar [[s.MinBulkDataSizeForAsyncLoading:131072]]
[2019.12.02-15.41.57:268][  0]LogConfig: Setting CVar [[s.AsyncLoadingThreadEnabled:0]]
[2019.12.02-15.41.57:268][  0]LogConfig: Setting CVar [[s.EventDrivenLoaderEnabled:1]]
[2019.12.02-15.41.57:268][  0]LogConfig: Setting CVar [[s.WarnIfTimeLimitExceeded:0]]
[2019.12.02-15.41.57:268][  0]LogConfig: Setting CVar [[s.TimeLimitExceededMultiplier:1.5]]
[2019.12.02-15.41.57:268][  0]LogConfig: Setting CVar [[s.TimeLimitExceededMinTime:0.005]]
[2019.12.02-15.41.57:268][  0]LogConfig: Setting CVar [[s.UseBackgroundLevelStreaming:1]]
[2019.12.02-15.41.57:268][  0]LogConfig: Setting CVar [[s.PriorityAsyncLoadingExtraTime:15.0]]
[2019.12.02-15.41.57:268][  0]LogConfig: Setting CVar [[s.LevelStreamingActorsUpdateTimeLimit:5.0]]
[2019.12.02-15.41.57:268][  0]LogConfig: Setting CVar [[s.PriorityLevelStreamingActorsUpdateExtraTime:5.0]]
[2019.12.02-15.41.57:268][  0]LogConfig: Setting CVar [[s.LevelStreamingComponentsRegistrationGranularity:10]]
[2019.12.02-15.41.57:268][  0]LogConfig: Setting CVar [[s.UnregisterComponentsTimeLimit:1.0]]
[2019.12.02-15.41.57:268][  0]LogConfig: Setting CVar [[s.LevelStreamingComponentsUnregistrationGranularity:5]]
[2019.12.02-15.41.57:268][  0]LogConfig: Applying CVar settings from Section [/Script/Engine.GarbageCollectionSettings] File [C:/Users/drhut/OneDrive/Documentos/Unreal Projects/Prevertical/Saved/Config/Windows/Engine.ini]
[2019.12.02-15.41.57:268][  0]LogConfig: Setting CVar [[gc.MaxObjectsNotConsideredByGC:1]]
[2019.12.02-15.41.57:268][  0]LogConfig: Setting CVar [[gc.SizeOfPermanentObjectPool:0]]
[2019.12.02-15.41.57:268][  0]LogConfig: Setting CVar [[gc.FlushStreamingOnGC:0]]
[2019.12.02-15.41.57:268][  0]LogConfig: Setting CVar [[gc.NumRetriesBeforeForcingGC:10]]
[2019.12.02-15.41.57:268][  0]LogConfig: Setting CVar [[gc.AllowParallelGC:1]]
[2019.12.02-15.41.57:268][  0]LogConfig: Setting CVar [[gc.TimeBetweenPurgingPendingKillObjects:61.1]]
[2019.12.02-15.41.57:268][  0]LogConfig: Setting CVar [[gc.MaxObjectsInEditor:16777216]]
[2019.12.02-15.41.57:268][  0]LogConfig: Setting CVar [[gc.IncrementalBeginDestroyEnabled:1]]
[2019.12.02-15.41.57:268][  0]LogConfig: Setting CVar [[gc.CreateGCClusters:1]]
[2019.12.02-15.41.57:268][  0]LogConfig: Setting CVar [[gc.MinGCClusterSize:5]]
[2019.12.02-15.41.57:268][  0]LogConfig: Setting CVar [[gc.ActorClusteringEnabled:0]]
[2019.12.02-15.41.57:268][  0]LogConfig: Setting CVar [[gc.BlueprintClusteringEnabled:0]]
[2019.12.02-15.41.57:268][  0]LogConfig: Setting CVar [[gc.UseDisregardForGCOnDedicatedServers:0]]
[2019.12.02-15.41.57:268][  0]LogConfig: Applying CVar settings from Section [/Script/Engine.NetworkSettings] File [C:/Users/drhut/OneDrive/Documentos/Unreal Projects/Prevertical/Saved/Config/Windows/Engine.ini]
[2019.12.02-15.41.57:268][  0]LogConfig: Applying CVar settings from Section [/Script/UnrealEd.CookerSettings] File [C:/Users/drhut/OneDrive/Documentos/Unreal Projects/Prevertical/Saved/Config/Windows/Engine.ini]
[2019.12.02-15.41.57:271][  0]LogConfig: Applying CVar settings from Section [ViewDistanceQuality@3] File [C:/Users/drhut/OneDrive/Documentos/Unreal Projects/Prevertical/Saved/Config/Windows/Scalability.ini]
[2019.12.02-15.41.57:271][  0]LogConfig: Setting CVar [[r.SkeletalMeshLODBias:0]]
[2019.12.02-15.41.57:271][  0]LogConfig: Setting CVar [[r.ViewDistanceScale:1.0]]
[2019.12.02-15.41.57:271][  0]LogConfig: Applying CVar settings from Section [AntiAliasingQuality@3] File [C:/Users/drhut/OneDrive/Documentos/Unreal Projects/Prevertical/Saved/Config/Windows/Scalability.ini]
[2019.12.02-15.41.57:271][  0]LogConfig: Setting CVar [[r.PostProcessAAQuality:4]]
[2019.12.02-15.41.57:271][  0]LogConfig: Applying CVar settings from Section [ShadowQuality@3] File [C:/Users/drhut/OneDrive/Documentos/Unreal Projects/Prevertical/Saved/Config/Windows/Scalability.ini]
[2019.12.02-15.41.57:271][  0]LogConfig: Setting CVar [[r.LightFunctionQuality:1]]
[2019.12.02-15.41.57:271][  0]LogConfig: Setting CVar [[r.ShadowQuality:5]]
[2019.12.02-15.41.57:271][  0]LogConfig: Setting CVar [[r.Shadow.CSM.MaxCascades:10]]
[2019.12.02-15.41.57:271][  0]LogConfig: Setting CVar [[r.Shadow.MaxResolution:2048]]
[2019.12.02-15.41.57:271][  0]LogConfig: Setting CVar [[r.Shadow.MaxCSMResolution:2048]]
[2019.12.02-15.41.57:271][  0]LogConfig: Setting CVar [[r.Shadow.RadiusThreshold:0.01]]
[2019.12.02-15.41.57:271][  0]LogConfig: Setting CVar [[r.Shadow.DistanceScale:1.0]]
[2019.12.02-15.41.57:271][  0]LogConfig: Setting CVar [[r.Shadow.CSM.TransitionScale:1.0]]
[2019.12.02-15.41.57:271][  0]LogConfig: Setting CVar [[r.Shadow.PreShadowResolutionFactor:1.0]]
[2019.12.02-15.41.57:271][  0]LogConfig: Setting CVar [[r.DistanceFieldShadowing:1]]
[2019.12.02-15.41.57:271][  0]LogConfig: Setting CVar [[r.DistanceFieldAO:1]]
[2019.12.02-15.41.57:271][  0]LogConfig: Setting CVar [[r.AOQuality:2]]
[2019.12.02-15.41.57:271][  0]LogConfig: Setting CVar [[r.VolumetricFog:1]]
[2019.12.02-15.41.57:271][  0]LogConfig: Setting CVar [[r.VolumetricFog.GridPixelSize:8]]
[2019.12.02-15.41.57:271][  0]LogConfig: Setting CVar [[r.VolumetricFog.GridSizeZ:128]]
[2019.12.02-15.41.57:271][  0]LogConfig: Setting CVar [[r.VolumetricFog.HistoryMissSupersampleCount:4]]
[2019.12.02-15.41.57:271][  0]LogConfig: Setting CVar [[r.LightMaxDrawDistanceScale:1]]
[2019.12.02-15.41.57:271][  0]LogConfig: Setting CVar [[r.CapsuleShadows:1]]
[2019.12.02-15.41.57:271][  0]LogConfig: Applying CVar settings from Section [PostProcessQuality@3] File [C:/Users/drhut/OneDrive/Documentos/Unreal Projects/Prevertical/Saved/Config/Windows/Scalability.ini]
[2019.12.02-15.41.57:271][  0]LogConfig: Setting CVar [[r.MotionBlurQuality:4]]
[2019.12.02-15.41.57:271][  0]LogConfig: Setting CVar [[r.AmbientOcclusionMipLevelFactor:0.4]]
[2019.12.02-15.41.57:271][  0]LogConfig: Setting CVar [[r.AmbientOcclusionMaxQuality:100]]
[2019.12.02-15.41.57:271][  0]LogConfig: Setting CVar [[r.AmbientOcclusionLevels:-1]]
[2019.12.02-15.41.57:271][  0]LogConfig: Setting CVar [[r.AmbientOcclusionRadiusScale:1.0]]
[2019.12.02-15.41.57:271][  0]LogConfig: Setting CVar [[r.DepthOfFieldQuality:2]]
[2019.12.02-15.41.57:271][  0]LogConfig: Setting CVar [[r.RenderTargetPoolMin:400]]
[2019.12.02-15.41.57:271][  0]LogConfig: Setting CVar [[r.LensFlareQuality:2]]
[2019.12.02-15.41.57:271][  0]LogConfig: Setting CVar [[r.SceneColorFringeQuality:1]]
[2019.12.02-15.41.57:272][  0]LogConfig: Setting CVar [[r.EyeAdaptationQuality:2]]
[2019.12.02-15.41.57:272][  0]LogConfig: Setting CVar [[r.BloomQuality:5]]
[2019.12.02-15.41.57:272][  0]LogConfig: Setting CVar [[r.FastBlurThreshold:100]]
[2019.12.02-15.41.57:272][  0]LogConfig: Setting CVar [[r.Upscale.Quality:3]]
[2019.12.02-15.41.57:272][  0]LogConfig: Setting CVar [[r.Tonemapper.GrainQuantization:1]]
[2019.12.02-15.41.57:272][  0]LogConfig: Setting CVar [[r.LightShaftQuality:1]]
[2019.12.02-15.41.57:272][  0]LogConfig: Setting CVar [[r.Filter.SizeScale:1]]
[2019.12.02-15.41.57:272][  0]LogConfig: Setting CVar [[r.Tonemapper.Quality:5]]
[2019.12.02-15.41.57:272][  0]LogConfig: Setting CVar [[r.DOF.Gather.AccumulatorQuality:1        ; higher gathering accumulator quality]]
[2019.12.02-15.41.57:272][  0]LogConfig: Setting CVar [[r.DOF.Gather.PostfilterMethod:1          ; Median3x3 postfilering method]]
[2019.12.02-15.41.57:272][  0]LogConfig: Setting CVar [[r.DOF.Gather.EnableBokehSettings:0       ; no bokeh simulation when gathering]]
[2019.12.02-15.41.57:272][  0]LogConfig: Setting CVar [[r.DOF.Gather.RingCount:4                 ; medium number of samples when gathering]]
[2019.12.02-15.41.57:272][  0]LogConfig: Setting CVar [[r.DOF.Scatter.ForegroundCompositing:1    ; additive foreground scattering]]
[2019.12.02-15.41.57:272][  0]LogConfig: Setting CVar [[r.DOF.Scatter.BackgroundCompositing:2    ; additive background scattering]]
[2019.12.02-15.41.57:272][  0]LogConfig: Setting CVar [[r.DOF.Scatter.EnableBokehSettings:1      ; bokeh simulation when scattering]]
[2019.12.02-15.41.57:272][  0]LogConfig: Setting CVar [[r.DOF.Scatter.MaxSpriteRatio:0.1         ; only a maximum of 10% of scattered bokeh]]
[2019.12.02-15.41.57:272][  0]LogConfig: Setting CVar [[r.DOF.Recombine.Quality:1                ; cheap slight out of focus]]
[2019.12.02-15.41.57:272][  0]LogConfig: Setting CVar [[r.DOF.Recombine.EnableBokehSettings:0    ; no bokeh simulation on slight out of focus]]
[2019.12.02-15.41.57:272][  0]LogConfig: Setting CVar [[r.DOF.TemporalAAQuality:1                ; more stable temporal accumulation]]
[2019.12.02-15.41.57:272][  0]LogConfig: Setting CVar [[r.DOF.Kernel.MaxForegroundRadius:0.025]]
[2019.12.02-15.41.57:272][  0]LogConfig: Setting CVar [[r.DOF.Kernel.MaxBackgroundRadius:0.025]]
[2019.12.02-15.41.57:272][  0]LogConfig: Applying CVar settings from Section [TextureQuality@3] File [C:/Users/drhut/OneDrive/Documentos/Unreal Projects/Prevertical/Saved/Config/Windows/Scalability.ini]
[2019.12.02-15.41.57:272][  0]LogConfig: Setting CVar [[r.Streaming.MipBias:0]]
[2019.12.02-15.41.57:272][  0]LogConfig: Setting CVar [[r.Streaming.AmortizeCPUToGPUCopy:0]]
[2019.12.02-15.41.57:272][  0]LogConfig: Setting CVar [[r.Streaming.MaxNumTexturesToStreamPerFrame:0]]
[2019.12.02-15.41.57:272][  0]LogConfig: Setting CVar [[r.Streaming.Boost:1]]
[2019.12.02-15.41.57:272][  0]LogConfig: Setting CVar [[r.MaxAnisotropy:8]]
[2019.12.02-15.41.57:272][  0]LogConfig: Setting CVar [[r.Streaming.LimitPoolSizeToVRAM:0]]
[2019.12.02-15.41.57:272][  0]LogConfig: Setting CVar [[r.Streaming.PoolSize:1000]]
[2019.12.02-15.41.57:272][  0]LogConfig: Setting CVar [[r.Streaming.MaxEffectiveScreenSize:0]]
[2019.12.02-15.41.57:272][  0]LogConfig: Applying CVar settings from Section [EffectsQuality@3] File [C:/Users/drhut/OneDrive/Documentos/Unreal Projects/Prevertical/Saved/Config/Windows/Scalability.ini]
[2019.12.02-15.41.57:272][  0]LogConfig: Setting CVar [[r.TranslucencyLightingVolumeDim:64]]
[2019.12.02-15.41.57:272][  0]LogConfig: Setting CVar [[r.RefractionQuality:2]]
[2019.12.02-15.41.57:272][  0]LogConfig: Setting CVar [[r.SSR.Quality:3]]
[2019.12.02-15.41.57:272][  0]LogConfig: Setting CVar [[r.SceneColorFormat:4]]
[2019.12.02-15.41.57:272][  0]LogConfig: Setting CVar [[r.DetailMode:2]]
[2019.12.02-15.41.57:272][  0]LogConfig: Setting CVar [[r.TranslucencyVolumeBlur:1]]
[2019.12.02-15.41.57:272][  0]LogConfig: Setting CVar [[r.MaterialQualityLevel:1 ; High quality]]
[2019.12.02-15.41.57:272][  0]LogConfig: Setting CVar [[r.SSS.Scale:1]]
[2019.12.02-15.41.57:272][  0]LogConfig: Setting CVar [[r.SSS.SampleSet:2]]
[2019.12.02-15.41.57:272][  0]LogConfig: Setting CVar [[r.SSS.Quality:1]]
[2019.12.02-15.41.57:272][  0]LogConfig: Setting CVar [[r.SSS.HalfRes:1]]
[2019.12.02-15.41.57:272][  0]LogConfig: Setting CVar [[r.EmitterSpawnRateScale:1.0]]
[2019.12.02-15.41.57:272][  0]LogConfig: Setting CVar [[r.ParticleLightQuality:2]]
[2019.12.02-15.41.57:272][  0]LogConfig: Applying CVar settings from Section [FoliageQuality@3] File [C:/Users/drhut/OneDrive/Documentos/Unreal Projects/Prevertical/Saved/Config/Windows/Scalability.ini]
[2019.12.02-15.41.57:272][  0]LogConfig: Setting CVar [[foliage.DensityScale:1.0]]
[2019.12.02-15.41.57:272][  0]LogConfig: Setting CVar [[grass.DensityScale:1.0]]
[2019.12.02-15.41.57:272][  0]LogInit: Selected Device Profile: [Windows]
[2019.12.02-15.41.57:272][  0]LogInit: Applying CVar settings loaded from the selected device profile: [Windows]
[2019.12.02-15.41.57:284][  0]LogHAL: Display: Platform has ~ 16 GB [17022767104 / 17179869184 / 16], which maps to Larger [LargestMinGB=32, LargerMinGB=12, DefaultMinGB=8, SmallerMinGB=6, SmallestMinGB=0)
[2019.12.02-15.41.57:284][  0]LogConfig: Setting CVar [[r.Vulkan.UseRealUBs:0		; Required until we fix HLR fall-out]]
[2019.12.02-15.41.57:284][  0]LogInit: Going up to parent DeviceProfile []
[2019.12.02-15.41.57:284][  0]LogConfig: Applying CVar settings from Section [ViewDistanceQuality@3] File [C:/Users/drhut/OneDrive/Documentos/Unreal Projects/Prevertical/Saved/Config/Windows/Scalability.ini]
[2019.12.02-15.41.57:284][  0]LogConfig: Setting CVar [[r.SkeletalMeshLODBias:0]]
[2019.12.02-15.41.57:284][  0]LogConfig: Setting CVar [[r.ViewDistanceScale:1.0]]
[2019.12.02-15.41.57:284][  0]LogConfig: Applying CVar settings from Section [AntiAliasingQuality@3] File [C:/Users/drhut/OneDrive/Documentos/Unreal Projects/Prevertical/Saved/Config/Windows/Scalability.ini]
[2019.12.02-15.41.57:284][  0]LogConfig: Setting CVar [[r.PostProcessAAQuality:4]]
[2019.12.02-15.41.57:284][  0]LogConfig: Applying CVar settings from Section [ShadowQuality@3] File [C:/Users/drhut/OneDrive/Documentos/Unreal Projects/Prevertical/Saved/Config/Windows/Scalability.ini]
[2019.12.02-15.41.57:284][  0]LogConfig: Setting CVar [[r.LightFunctionQuality:1]]
[2019.12.02-15.41.57:284][  0]LogConfig: Setting CVar [[r.ShadowQuality:5]]
[2019.12.02-15.41.57:284][  0]LogConfig: Setting CVar [[r.Shadow.CSM.MaxCascades:10]]
[2019.12.02-15.41.57:284][  0]LogConfig: Setting CVar [[r.Shadow.MaxResolution:2048]]
[2019.12.02-15.41.57:284][  0]LogConfig: Setting CVar [[r.Shadow.MaxCSMResolution:2048]]
[2019.12.02-15.41.57:284][  0]LogConfig: Setting CVar [[r.Shadow.RadiusThreshold:0.01]]
[2019.12.02-15.41.57:284][  0]LogConfig: Setting CVar [[r.Shadow.DistanceScale:1.0]]
[2019.12.02-15.41.57:284][  0]LogConfig: Setting CVar [[r.Shadow.CSM.TransitionScale:1.0]]
[2019.12.02-15.41.57:284][  0]LogConfig: Setting CVar [[r.Shadow.PreShadowResolutionFactor:1.0]]
[2019.12.02-15.41.57:284][  0]LogConfig: Setting CVar [[r.DistanceFieldShadowing:1]]
[2019.12.02-15.41.57:284][  0]LogConfig: Setting CVar [[r.DistanceFieldAO:1]]
[2019.12.02-15.41.57:284][  0]LogConfig: Setting CVar [[r.AOQuality:2]]
[2019.12.02-15.41.57:284][  0]LogConfig: Setting CVar [[r.VolumetricFog:1]]
[2019.12.02-15.41.57:284][  0]LogConfig: Setting CVar [[r.VolumetricFog.GridPixelSize:8]]
[2019.12.02-15.41.57:284][  0]LogConfig: Setting CVar [[r.VolumetricFog.GridSizeZ:128]]
[2019.12.02-15.41.57:284][  0]LogConfig: Setting CVar [[r.VolumetricFog.HistoryMissSupersampleCount:4]]
[2019.12.02-15.41.57:284][  0]LogConfig: Setting CVar [[r.LightMaxDrawDistanceScale:1]]
[2019.12.02-15.41.57:285][  0]LogConfig: Setting CVar [[r.CapsuleShadows:1]]
[2019.12.02-15.41.57:285][  0]LogConfig: Applying CVar settings from Section [PostProcessQuality@3] File [C:/Users/drhut/OneDrive/Documentos/Unreal Projects/Prevertical/Saved/Config/Windows/Scalability.ini]
[2019.12.02-15.41.57:285][  0]LogConfig: Setting CVar [[r.MotionBlurQuality:4]]
[2019.12.02-15.41.57:285][  0]LogConfig: Setting CVar [[r.AmbientOcclusionMipLevelFactor:0.4]]
[2019.12.02-15.41.57:285][  0]LogConfig: Setting CVar [[r.AmbientOcclusionMaxQuality:100]]
[2019.12.02-15.41.57:285][  0]LogConfig: Setting CVar [[r.AmbientOcclusionLevels:-1]]
[2019.12.02-15.41.57:285][  0]LogConfig: Setting CVar [[r.AmbientOcclusionRadiusScale:1.0]]
[2019.12.02-15.41.57:285][  0]LogConfig: Setting CVar [[r.DepthOfFieldQuality:2]]
[2019.12.02-15.41.57:285][  0]LogConfig: Setting CVar [[r.RenderTargetPoolMin:400]]
[2019.12.02-15.41.57:285][  0]LogConfig: Setting CVar [[r.LensFlareQuality:2]]
[2019.12.02-15.41.57:285][  0]LogConfig: Setting CVar [[r.SceneColorFringeQuality:1]]
[2019.12.02-15.41.57:285][  0]LogConfig: Setting CVar [[r.EyeAdaptationQuality:2]]
[2019.12.02-15.41.57:285][  0]LogConfig: Setting CVar [[r.BloomQuality:5]]
[2019.12.02-15.41.57:285][  0]LogConfig: Setting CVar [[r.FastBlurThreshold:100]]
[2019.12.02-15.41.57:285][  0]LogConfig: Setting CVar [[r.Upscale.Quality:3]]
[2019.12.02-15.41.57:285][  0]LogConfig: Setting CVar [[r.Tonemapper.GrainQuantization:1]]
[2019.12.02-15.41.57:285][  0]LogConfig: Setting CVar [[r.LightShaftQuality:1]]
[2019.12.02-15.41.57:285][  0]LogConfig: Setting CVar [[r.Filter.SizeScale:1]]
[2019.12.02-15.41.57:285][  0]LogConfig: Setting CVar [[r.Tonemapper.Quality:5]]
[2019.12.02-15.41.57:285][  0]LogConfig: Setting CVar [[r.DOF.Gather.AccumulatorQuality:1        ; higher gathering accumulator quality]]
[2019.12.02-15.41.57:285][  0]LogConfig: Setting CVar [[r.DOF.Gather.PostfilterMethod:1          ; Median3x3 postfilering method]]
[2019.12.02-15.41.57:285][  0]LogConfig: Setting CVar [[r.DOF.Gather.EnableBokehSettings:0       ; no bokeh simulation when gathering]]
[2019.12.02-15.41.57:285][  0]LogConfig: Setting CVar [[r.DOF.Gather.RingCount:4                 ; medium number of samples when gathering]]
[2019.12.02-15.41.57:285][  0]LogConfig: Setting CVar [[r.DOF.Scatter.ForegroundCompositing:1    ; additive foreground scattering]]
[2019.12.02-15.41.57:285][  0]LogConfig: Setting CVar [[r.DOF.Scatter.BackgroundCompositing:2    ; additive background scattering]]
[2019.12.02-15.41.57:285][  0]LogConfig: Setting CVar [[r.DOF.Scatter.EnableBokehSettings:1      ; bokeh simulation when scattering]]
[2019.12.02-15.41.57:285][  0]LogConfig: Setting CVar [[r.DOF.Scatter.MaxSpriteRatio:0.1         ; only a maximum of 10% of scattered bokeh]]
[2019.12.02-15.41.57:285][  0]LogConfig: Setting CVar [[r.DOF.Recombine.Quality:1                ; cheap slight out of focus]]
[2019.12.02-15.41.57:285][  0]LogConfig: Setting CVar [[r.DOF.Recombine.EnableBokehSettings:0    ; no bokeh simulation on slight out of focus]]
[2019.12.02-15.41.57:285][  0]LogConfig: Setting CVar [[r.DOF.TemporalAAQuality:1                ; more stable temporal accumulation]]
[2019.12.02-15.41.57:285][  0]LogConfig: Setting CVar [[r.DOF.Kernel.MaxForegroundRadius:0.025]]
[2019.12.02-15.41.57:285][  0]LogConfig: Setting CVar [[r.DOF.Kernel.MaxBackgroundRadius:0.025]]
[2019.12.02-15.41.57:285][  0]LogConfig: Applying CVar settings from Section [TextureQuality@3] File [C:/Users/drhut/OneDrive/Documentos/Unreal Projects/Prevertical/Saved/Config/Windows/Scalability.ini]
[2019.12.02-15.41.57:285][  0]LogConfig: Setting CVar [[r.Streaming.MipBias:0]]
[2019.12.02-15.41.57:285][  0]LogConfig: Setting CVar [[r.Streaming.AmortizeCPUToGPUCopy:0]]
[2019.12.02-15.41.57:285][  0]LogConfig: Setting CVar [[r.Streaming.MaxNumTexturesToStreamPerFrame:0]]
[2019.12.02-15.41.57:285][  0]LogConfig: Setting CVar [[r.Streaming.Boost:1]]
[2019.12.02-15.41.57:285][  0]LogConfig: Setting CVar [[r.MaxAnisotropy:8]]
[2019.12.02-15.41.57:285][  0]LogConfig: Setting CVar [[r.Streaming.LimitPoolSizeToVRAM:0]]
[2019.12.02-15.41.57:285][  0]LogConfig: Setting CVar [[r.Streaming.PoolSize:1000]]
[2019.12.02-15.41.57:285][  0]LogConfig: Setting CVar [[r.Streaming.MaxEffectiveScreenSize:0]]
[2019.12.02-15.41.57:285][  0]LogConfig: Applying CVar settings from Section [EffectsQuality@3] File [C:/Users/drhut/OneDrive/Documentos/Unreal Projects/Prevertical/Saved/Config/Windows/Scalability.ini]
[2019.12.02-15.41.57:285][  0]LogConfig: Setting CVar [[r.TranslucencyLightingVolumeDim:64]]
[2019.12.02-15.41.57:285][  0]LogConfig: Setting CVar [[r.RefractionQuality:2]]
[2019.12.02-15.41.57:285][  0]LogConfig: Setting CVar [[r.SSR.Quality:3]]
[2019.12.02-15.41.57:285][  0]LogConfig: Setting CVar [[r.SceneColorFormat:4]]
[2019.12.02-15.41.57:285][  0]LogConfig: Setting CVar [[r.DetailMode:2]]
[2019.12.02-15.41.57:285][  0]LogConfig: Setting CVar [[r.TranslucencyVolumeBlur:1]]
[2019.12.02-15.41.57:285][  0]LogConfig: Setting CVar [[r.MaterialQualityLevel:1 ; High quality]]
[2019.12.02-15.41.57:285][  0]LogConfig: Setting CVar [[r.SSS.Scale:1]]
[2019.12.02-15.41.57:285][  0]LogConfig: Setting CVar [[r.SSS.SampleSet:2]]
[2019.12.02-15.41.57:285][  0]LogConfig: Setting CVar [[r.SSS.Quality:1]]
[2019.12.02-15.41.57:285][  0]LogConfig: Setting CVar [[r.SSS.HalfRes:1]]
[2019.12.02-15.41.57:285][  0]LogConfig: Setting CVar [[r.EmitterSpawnRateScale:1.0]]
[2019.12.02-15.41.57:285][  0]LogConfig: Setting CVar [[r.ParticleLightQuality:2]]
[2019.12.02-15.41.57:285][  0]LogConfig: Applying CVar settings from Section [FoliageQuality@3] File [C:/Users/drhut/OneDrive/Documentos/Unreal Projects/Prevertical/Saved/Config/Windows/Scalability.ini]
[2019.12.02-15.41.57:285][  0]LogConfig: Setting CVar [[foliage.DensityScale:1.0]]
[2019.12.02-15.41.57:285][  0]LogConfig: Setting CVar [[grass.DensityScale:1.0]]
[2019.12.02-15.41.57:285][  0]LogConfig: Applying CVar settings from Section [Startup] File [../../../Engine/Config/ConsoleVariables.ini]
[2019.12.02-15.41.57:285][  0]LogConfig: Setting CVar [[net.UseAdaptiveNetUpdateFrequency:0]]
[2019.12.02-15.41.57:285][  0]LogConfig: Setting CVar [[p.chaos.AllowCreatePhysxBodies:1]]
[2019.12.02-15.41.57:285][  0]LogConfig: Applying CVar settings from Section [ConsoleVariables] File [C:/Users/drhut/OneDrive/Documentos/Unreal Projects/Prevertical/Saved/Config/Windows/Engine.ini]
[2019.12.02-15.41.57:285][  0]LogInit: Computer: LAPTOP-A22VJFU3
[2019.12.02-15.41.57:285][  0]LogInit: User: drhut
[2019.12.02-15.41.57:285][  0]LogInit: CPU Page size=4096, Cores=6
[2019.12.02-15.41.57:285][  0]LogInit: High frequency timer resolution =10.000000 MHz
[2019.12.02-15.41.57:286][  0]LogMemory: Memory total: Physical=15.9GB (16GB approx)
[2019.12.02-15.41.57:286][  0]LogMemory: Platform Memory Stats for Windows
[2019.12.02-15.41.57:286][  0]LogMemory: Process Physical Memory: 99.13 MB used, 99.13 MB peak
[2019.12.02-15.41.57:286][  0]LogMemory: Process Virtual Memory: 89.88 MB used, 89.88 MB peak
[2019.12.02-15.41.57:286][  0]LogMemory: Physical Memory: 7933.73 MB used,  8300.45 MB free, 16234.18 MB total
[2019.12.02-15.41.57:286][  0]LogMemory: Virtual Memory: 4660.45 MB used,  134213064.00 MB free, 134217728.00 MB total
[2019.12.02-15.41.57:305][  0]LogInit: Overriding language with editor language configuration option (en).
[2019.12.02-15.41.57:305][  0]LogInit: Overriding locale with editor culture configuration option ().
[2019.12.02-15.41.57:305][  0]LogInit: Using OS detected locale (es-ES).
[2019.12.02-15.41.57:454][  0]LogInit: Setting process to per monitor DPI aware
[2019.12.02-15.41.57:499][  0]LogSlate: New Slate User Created.  User Index 0, Is Virtual User: 0
[2019.12.02-15.41.57:499][  0]LogSlate: Slate User Registered.  User Index 0, Is Virtual User: 0
[2019.12.02-15.41.57:680][  0]LogD3D12RHI: Aftermath initialized
[2019.12.02-15.41.57:680][  0]LogD3D12RHI: Loading WinPixEventRuntime.dll for PIX profiling (from ../../../Engine/Binaries/ThirdParty/Windows/DirectX/x64).
[2019.12.02-15.41.57:686][  0]LogHMD: Failed to initialize OpenVR with code 110
[2019.12.02-15.41.57:786][  0]LogD3D12RHI: Found D3D12 adapter 0: NVIDIA GeForce RTX 2060 (Max supported Feature Level 12_1)
[2019.12.02-15.41.57:786][  0]LogD3D12RHI: Adapter has 5980MB of dedicated video memory, 0MB of dedicated system memory, and 8117MB of shared system memory, 1 output[s]
[2019.12.02-15.41.57:805][  0]LogD3D12RHI: Found D3D12 adapter 1: Intel(R) UHD Graphics 630 (Max supported Feature Level 12_1)
[2019.12.02-15.41.57:805][  0]LogD3D12RHI: Adapter has 128MB of dedicated video memory, 0MB of dedicated system memory, and 8117MB of shared system memory, 1 output[s]
[2019.12.02-15.41.57:814][  0]LogD3D12RHI: Found D3D12 adapter 2: Microsoft Basic Render Driver (Max supported Feature Level 12_1)
[2019.12.02-15.41.57:814][  0]LogD3D12RHI: Adapter has 0MB of dedicated video memory, 0MB of dedicated system memory, and 8117MB of shared system memory, 0 output[s]
[2019.12.02-15.41.57:814][  0]LogD3D12RHI: Forcing D3D12.AsyncDeferredDeletion=0 as a workaround for a deadlock on hybrid NVIDIA+Intel systems.
[2019.12.02-15.41.57:814][  0]LogD3D12RHI: Chosen D3D12 Adapter Id = 0
[2019.12.02-15.41.57:820][  0]LogD3D12RHI: Emitting draw events for PIX profiling.
[2019.12.02-15.41.57:879][  0]LogD3D12RHI: D3D12 ray tracing enabled.
[2019.12.02-15.41.57:879][  0]LogD3D12RHI: The system supports ID3D12Device1.
[2019.12.02-15.41.57:879][  0]LogD3D12RHI: The system supports ID3D12Device2.
[2019.12.02-15.41.57:982][  0]LogD3D12RHI: Display: Not using pipeline state disk cache per r.D3D12.PSO.DiskCache=0
[2019.12.02-15.41.57:982][  0]LogD3D12RHI: Display: Not using driver-optimized pipeline state disk cache per r.D3D12.PSO.DriverOptimizedDiskCache=0
[2019.12.02-15.41.57:982][  0]LogD3D12RHI:     GPU DeviceId: 0x1f11 (for the marketing name, search the web for "GPU Device Id")
[2019.12.02-15.41.57:982][  0]LogWindows: EnumDisplayDevices:
[2019.12.02-15.41.57:982][  0]LogWindows:    0. 'Intel(R) UHD Graphics 630' (P:0 D:1)
[2019.12.02-15.41.57:983][  0]LogWindows:    1. 'Intel(R) UHD Graphics 630' (P:0 D:0)
[2019.12.02-15.41.57:983][  0]LogWindows:    2. 'Intel(R) UHD Graphics 630' (P:0 D:0)
[2019.12.02-15.41.57:983][  0]LogWindows:    3. 'NVIDIA GeForce RTX 2060' (P:1 D:1)
[2019.12.02-15.41.57:984][  0]LogWindows:    4. 'NVIDIA GeForce RTX 2060' (P:0 D:0)
[2019.12.02-15.41.57:984][  0]LogWindows:    5. 'NVIDIA GeForce RTX 2060' (P:0 D:0)
[2019.12.02-15.41.57:984][  0]LogWindows:    6. 'NVIDIA GeForce RTX 2060' (P:0 D:0)
[2019.12.02-15.41.57:985][  0]LogWindows: DebugString: PrimaryIsNotTheChoosenAdapter PrimaryIsNotTheChoosenAdapter PrimaryIsNotTheChoosenAdapter FoundDriverCount:4 
[2019.12.02-15.41.57:985][  0]LogD3D12RHI:     Adapter Name: NVIDIA GeForce RTX 2060
[2019.12.02-15.41.57:985][  0]LogD3D12RHI:   Driver Version: 441.20 (internal:26.21.14.4120, unified:441.20)
[2019.12.02-15.41.57:985][  0]LogD3D12RHI:      Driver Date: 11-6-2019
[2019.12.02-15.41.57:985][  0]LogRHI: Texture pool is 3202 MB (70% of 4574 MB)
[2019.12.02-15.41.57:985][  0]LogD3D12RHI: Async texture creation enabled
[2019.12.02-15.41.57:993][  0]LogRendererCore: FGlobalReadBuffer::InitRHI
[2019.12.02-15.41.57:993][  0]LogRendererCore: FGlobalReadBuffer::InitRHI
[2019.12.02-15.41.57:993][  0]LogRendererCore: FGlobalReadBuffer::InitRHI
[2019.12.02-15.41.58:239][  0]LogTemp: Display: Module 'AllDesktopTargetPlatform' loaded TargetPlatform 'AllDesktop'
[2019.12.02-15.41.58:253][  0]LogTemp: Display: Module 'MacClientTargetPlatform' loaded TargetPlatform 'MacClient'
[2019.12.02-15.41.58:265][  0]LogTemp: Display: Module 'MacNoEditorTargetPlatform' loaded TargetPlatform 'MacNoEditor'
[2019.12.02-15.41.58:277][  0]LogTemp: Display: Module 'MacServerTargetPlatform' loaded TargetPlatform 'MacServer'
[2019.12.02-15.41.58:290][  0]LogTemp: Display: Module 'MacTargetPlatform' loaded TargetPlatform 'Mac'
[2019.12.02-15.41.58:302][  0]LogTemp: Display: Module 'WindowsClientTargetPlatform' loaded TargetPlatform 'WindowsClient'
[2019.12.02-15.41.58:314][  0]LogTemp: Display: Module 'WindowsNoEditorTargetPlatform' loaded TargetPlatform 'WindowsNoEditor'
[2019.12.02-15.41.58:328][  0]LogTemp: Display: Module 'WindowsServerTargetPlatform' loaded TargetPlatform 'WindowsServer'
[2019.12.02-15.41.58:335][  0]LogTemp: Display: Module 'WindowsTargetPlatform' loaded TargetPlatform 'Windows'
[2019.12.02-15.41.58:409][  0]LogTemp: Display: Module 'AndroidTargetPlatform' loaded TargetPlatform 'Android'
[2019.12.02-15.41.58:409][  0]LogTemp: Display: Module 'AndroidTargetPlatform' loaded TargetPlatform 'Android_ASTC'
[2019.12.02-15.41.58:409][  0]LogTemp: Display: Module 'AndroidTargetPlatform' loaded TargetPlatform 'Android_ATC'
[2019.12.02-15.41.58:409][  0]LogTemp: Display: Module 'AndroidTargetPlatform' loaded TargetPlatform 'Android_DXT'
[2019.12.02-15.41.58:409][  0]LogTemp: Display: Module 'AndroidTargetPlatform' loaded TargetPlatform 'Android_ETC1'
[2019.12.02-15.41.58:409][  0]LogTemp: Display: Module 'AndroidTargetPlatform' loaded TargetPlatform 'Android_ETC1a'
[2019.12.02-15.41.58:409][  0]LogTemp: Display: Module 'AndroidTargetPlatform' loaded TargetPlatform 'Android_ETC2'
[2019.12.02-15.41.58:409][  0]LogTemp: Display: Module 'AndroidTargetPlatform' loaded TargetPlatform 'Android_PVRTC'
[2019.12.02-15.41.58:409][  0]LogTemp: Display: Module 'AndroidTargetPlatform' loaded TargetPlatform 'AndroidClient'
[2019.12.02-15.41.58:409][  0]LogTemp: Display: Module 'AndroidTargetPlatform' loaded TargetPlatform 'Android_ASTCClient'
[2019.12.02-15.41.58:409][  0]LogTemp: Display: Module 'AndroidTargetPlatform' loaded TargetPlatform 'Android_ATCClient'
[2019.12.02-15.41.58:409][  0]LogTemp: Display: Module 'AndroidTargetPlatform' loaded TargetPlatform 'Android_DXTClient'
[2019.12.02-15.41.58:409][  0]LogTemp: Display: Module 'AndroidTargetPlatform' loaded TargetPlatform 'Android_ETC1Client'
[2019.12.02-15.41.58:409][  0]LogTemp: Display: Module 'AndroidTargetPlatform' loaded TargetPlatform 'Android_ETC1aClient'
[2019.12.02-15.41.58:409][  0]LogTemp: Display: Module 'AndroidTargetPlatform' loaded TargetPlatform 'Android_ETC2Client'
[2019.12.02-15.41.58:409][  0]LogTemp: Display: Module 'AndroidTargetPlatform' loaded TargetPlatform 'Android_PVRTCClient'
[2019.12.02-15.41.58:409][  0]LogTemp: Display: Module 'AndroidTargetPlatform' loaded TargetPlatform 'Android_Multi'
[2019.12.02-15.41.58:409][  0]LogTemp: Display: Module 'AndroidTargetPlatform' loaded TargetPlatform 'Android_MultiClient'
[2019.12.02-15.41.58:411][  0]LogTemp: Display: Module 'HTML5TargetPlatform' loaded TargetPlatform 'HTML5'
[2019.12.02-15.41.58:456][  0]LogTemp: Display: Module 'IOSTargetPlatform' loaded TargetPlatform 'IOSClient'
[2019.12.02-15.41.58:456][  0]LogTemp: Display: Module 'IOSTargetPlatform' loaded TargetPlatform 'IOS'
[2019.12.02-15.41.58:476][  0]LogTemp: Display: Module 'TVOSTargetPlatform' loaded TargetPlatform 'TVOSClient'
[2019.12.02-15.41.58:476][  0]LogTemp: Display: Module 'TVOSTargetPlatform' loaded TargetPlatform 'TVOS'
[2019.12.02-15.41.58:487][  0]LogTemp: Display: Module 'LinuxClientTargetPlatform' loaded TargetPlatform 'LinuxClient'
[2019.12.02-15.41.58:497][  0]LogTemp: Display: Module 'LinuxNoEditorTargetPlatform' loaded TargetPlatform 'LinuxNoEditor'
[2019.12.02-15.41.58:508][  0]LogTemp: Display: Module 'LinuxServerTargetPlatform' loaded TargetPlatform 'LinuxServer'
[2019.12.02-15.41.58:519][  0]LogTemp: Display: Module 'LinuxTargetPlatform' loaded TargetPlatform 'Linux'
[2019.12.02-15.41.58:557][  0]LogTemp: Display: Module 'LuminTargetPlatform' loaded TargetPlatform 'Lumin'
[2019.12.02-15.41.58:557][  0]LogTemp: Display: Module 'LuminTargetPlatform' loaded TargetPlatform 'LuminClient'
[2019.12.02-15.41.58:557][  0]LogTargetPlatformManager: Display: Building Assets For Windows
[2019.12.02-15.41.58:563][  0]LogAudioDebug: Display: Lib vorbis DLL was dynamically loaded.
[2019.12.02-15.41.58:605][  0]LogShaderCompilers: Guid format shader working directory is -31 characters bigger than the processId version (../../../../../../Users/drhut/OneDrive/Documentos/Unreal Projects/Prevertical/Intermediate/Shaders/WorkingDirectory/9380/).
[2019.12.02-15.41.58:605][  0]LogShaderCompilers: Cleaned the shader compiler working directory 'C:/Users/drhut/AppData/Local/Temp/UnrealShaderWorkingDir/40D28E6F4D81BE1178D9E7B1B472E1CF/'.
[2019.12.02-15.41.58:607][  0]LogXGEController: Cannot use XGE Controller as Incredibuild is not installed on this machine.
[2019.12.02-15.41.58:607][  0]LogShaderCompilers: Cannot use XGE Shader Compiler as Incredibuild is not installed on this machine.
[2019.12.02-15.41.58:607][  0]LogShaderCompilers: Display: Using Local Shader Compiler.
[2019.12.02-15.41.59:095][  0]LogDerivedDataCache: Display: Max Cache Size: 512 MB
[2019.12.02-15.41.59:137][  0]LogDerivedDataCache: Loaded boot cache 0.04s 76MB C:/Users/drhut/AppData/Local/UnrealEngine/4.22/DerivedDataCache/Boot.ddc.
[2019.12.02-15.41.59:137][  0]LogDerivedDataCache: Display: Loaded Boot cache: C:/Users/drhut/AppData/Local/UnrealEngine/4.22/DerivedDataCache/Boot.ddc
[2019.12.02-15.41.59:137][  0]LogDerivedDataCache: FDerivedDataBackendGraph:  Pak pak cache file ../../../../../../Users/drhut/OneDrive/Documentos/Unreal Projects/Prevertical/DerivedDataCache/DDC.ddp not found, will not use a pak cache.
[2019.12.02-15.41.59:137][  0]LogDerivedDataCache: Unable to find inner node Pak for hierarchical cache Hierarchy.
[2019.12.02-15.41.59:137][  0]LogDerivedDataCache: FDerivedDataBackendGraph:  CompressedPak pak cache file ../../../../../../Users/drhut/OneDrive/Documentos/Unreal Projects/Prevertical/DerivedDataCache/Compressed.ddp not found, will not use a pak cache.
[2019.12.02-15.41.59:137][  0]LogDerivedDataCache: Unable to find inner node CompressedPak for hierarchical cache Hierarchy.
[2019.12.02-15.41.59:147][  0]LogDerivedDataCache: Display: Pak cache opened for reading ../../../Engine/DerivedDataCache/Compressed.ddp.
[2019.12.02-15.41.59:147][  0]LogDerivedDataCache: FDerivedDataBackendGraph:  EnterprisePak pak cache file ../../../Enterprise/DerivedDataCache/Compressed.ddp not found, will not use a pak cache.
[2019.12.02-15.41.59:147][  0]LogDerivedDataCache: Unable to find inner node EnterprisePak for hierarchical cache Hierarchy.
[2019.12.02-15.41.59:159][  0]LogDerivedDataCache: Using Local data cache path C:/Users/drhut/AppData/Local/UnrealEngine/Common/DerivedDataCache: Writable
[2019.12.02-15.41.59:159][  0]LogDerivedDataCache: Shared data cache path not found in *engine.ini, will not use an Shared cache.
[2019.12.02-15.41.59:159][  0]LogDerivedDataCache: Unable to find inner node Shared for hierarchical cache Hierarchy.
[2019.12.02-15.41.59:178][  0]LogMaterial: Verifying Global Shaders for PCD3D_SM5
[2019.12.02-15.41.59:179][  0]LogSlate: Using FreeType 2.6.0
[2019.12.02-15.41.59:179][  0]LogSlate: SlateFontServices - WITH_FREETYPE: 1, WITH_HARFBUZZ: 1
[2019.12.02-15.41.59:256][  0]LogAssetRegistry: FAssetRegistry took 0.0319 seconds to start up
[2019.12.02-15.41.59:532][  0]LogInit: Selected Device Profile: [Windows]
[2019.12.02-15.41.59:667][  0]LogMeshReduction: Using QuadricMeshReduction for automatic static mesh reduction
[2019.12.02-15.41.59:667][  0]LogMeshReduction: Using SimplygonMeshReduction for automatic skeletal mesh reduction
[2019.12.02-15.41.59:667][  0]LogMeshReduction: Using ProxyLODMeshReduction for automatic mesh merging
[2019.12.02-15.41.59:667][  0]LogMeshReduction: No distributed automatic mesh merging module available
[2019.12.02-15.41.59:667][  0]LogMeshMerging: No distributed automatic mesh merging module available
[2019.12.02-15.41.59:701][  0]LogNetVersion: Prevertical 1.0.0, NetCL: 5660361, EngineNetVer: 10, GameNetVer: 0 (Checksum: 2475260280)
[2019.12.02-15.42.00:069][  0]LogPackageLocalizationCache: Processed 10 localized package path(s) for 1 prioritized culture(s) in 0.034870 seconds
[2019.12.02-15.42.00:075][  0]LogUObjectArray: 42207 objects as part of root set at end of initial load.
[2019.12.02-15.42.00:075][  0]LogUObjectAllocator: 7325480 out of 0 bytes used by permanent object pool.
[2019.12.02-15.42.00:075][  0]LogUObjectArray: CloseDisregardForGC: 0/0 objects in disregard for GC pool
[2019.12.02-15.42.00:549][  0]LogD3D12RHI: Display: Root signature created where the root parameters take up 35 DWORDS. Using more than 12 DWORDs can negatively impact performance depending on the hardware and root parameter usage.
[2019.12.02-15.42.00:569][  0]LogD3D12RHI: Creating RTPSO with 3 shaders (0 cached, 3 new) took 19.37 ms. Compile time 8.60 ms, link time 10.68 ms.
[2019.12.02-15.42.00:580][  0]LogD3D12RHI: Creating RTPSO with 3 shaders (0 cached, 3 new) took 10.81 ms. Compile time 9.71 ms, link time 1.09 ms.
[2019.12.02-15.42.00:795][  0]LogTcpMessaging: Initializing TcpMessaging bridge
[2019.12.02-15.42.00:807][  0]LogUdpMessaging: Initializing bridge on interface 0.0.0.0:0 to multicast group 230.0.0.1:6666.
[2019.12.02-15.42.00:901][  0]SourceControl: Source control is disabled
[2019.12.02-15.42.00:901][  0]SourceControl: Source control is disabled
[2019.12.02-15.42.00:902][  0]SourceControl: Source control is disabled
[2019.12.02-15.42.00:903][  0]SourceControl: Source control is disabled
[2019.12.02-15.42.00:955][  0]LogAndroidPermission: UAndroidPermissionCallbackProxy::GetInstance
[2019.12.02-15.42.01:115][  0]LogOcInput: OculusInput pre-init called
[2019.12.02-15.42.01:670][  0]LogEngine: Initializing Engine...
[2019.12.02-15.42.01:671][  0]LogHMD: Failed to initialize OpenVR with code 110
[2019.12.02-15.42.01:672][  0]LogStats: UGameplayTagsManager::InitializeManager -  0.000 s
[2019.12.02-15.42.01:861][  0]LogInit: Initializing FReadOnlyCVARCache
[2019.12.02-15.42.01:873][  0]LogAIModule: Creating AISystem for world Untitled
[2019.12.02-15.42.01:912][  0]LogInit: XAudio2 using 'Altavoces (SoundCore Boost Stereo)' : 2 channels at 44.1 kHz using 16 bits per sample (channel mask 0x3)
[2019.12.02-15.42.01:925][  0]LogInit: FAudioDevice initialized.
[2019.12.02-15.42.01:926][  0]LogNetVersion: Set ProjectVersion to 1.0.0.0. Version Checksum will be recalculated on next use.
[2019.12.02-15.42.01:977][  0]LogDerivedDataCache: Saved boot cache 0.05s 94MB C:/Users/drhut/AppData/Local/UnrealEngine/4.22/DerivedDataCache/Boot.ddc.
[2019.12.02-15.42.01:983][  0]LogInit: Texture streaming: Enabled
[2019.12.02-15.42.01:997][  0]LogEngineSessionManager: EngineSessionManager initialized
[2019.12.02-15.42.02:016][  0]LogInit: Transaction tracking system initialized
[2019.12.02-15.42.02:035][  0]BlueprintLog: New page: Editor Load
[2019.12.02-15.42.02:102][  0]LocalizationService: Localization service is disabled
[2019.12.02-15.42.02:350][  0]LogFileCache: Scanning file cache for directory 'C:/Users/drhut/OneDrive/Documentos/Unreal Projects/Prevertical/Content/' took 0.01s
[2019.12.02-15.42.02:350][  0]LogCook: Display: Max memory allowance for cook 16384mb min free memory 0mb
[2019.12.02-15.42.02:350][  0]LogCook: Display: Mobile HDR setting 1
[2019.12.02-15.42.02:408][  0]LogLinker: Warning: Can't find file '/Engine/BasicShapes/Cube'
[2019.12.02-15.42.02:408][  0]LogLinker: Warning: Can't find file '/Engine/BasicShapes/Cube'
[2019.12.02-15.42.02:408][  0]LogUObjectGlobals: Warning: Failed to find object 'StaticMesh /Engine/BasicShapes/Cube.Cube'
[2019.12.02-15.42.02:414][  0]LogUObjectGlobals: Warning: Failed to find object 'StaticMesh /Engine/BasicShapes/Plane.Plane'
[2019.12.02-15.42.02:481][  0]SourceControl: Source control is disabled
[2019.12.02-15.42.02:481][  0]Cmd: MAP LOAD FILE="../../../../../../Users/drhut/OneDrive/Documentos/Unreal Projects/Prevertical/Content/FirstPersonBP/Maps/FirstPersonExampleMap.umap" TEMPLATE=0 SHOWPROGRESS=1 FEATURELEVEL=3
[2019.12.02-15.42.02:481][  0]LightingResults: New page: Lighting Build
[2019.12.02-15.42.02:484][  0]MapCheck: New page: Map Check
[2019.12.02-15.42.02:484][  0]LightingResults: New page: Lighting Build
[2019.12.02-15.42.02:509][  0]LogUObjectHash: Compacting FUObjectHashTables data took   1.30ms
[2019.12.02-15.42.04:023][  0]LogTexture: Display: Building textures: HQ_Lightmap1_5 (AutoDXT, 64X64)
[2019.12.02-15.42.04:023][  0]LogTexture: Display: Building textures: LQ_Lightmap_1_5 (DXT1, 64X64)
[2019.12.02-15.42.04:023][  0]LogTexture: Display: Building textures: SkyOcclusion1_1 (AutoDXT, 2048X1024)
[2019.12.02-15.42.04:023][  0]LogTexture: Display: Building textures: SkyOcclusion1_2 (AutoDXT, 2048X1024)
[2019.12.02-15.42.04:023][  0]LogTexture: Display: Building textures: HQ_Lightmap1_2 (AutoDXT, 2048X2048)
[2019.12.02-15.42.04:023][  0]LogTexture: Display: Building textures: LQ_Lightmap_1_4 (DXT1, 2048X2048)
[2019.12.02-15.42.04:023][  0]LogTexture: Display: Building textures: HQ_Lightmap1_1 (AutoDXT, 2048X2048)
[2019.12.02-15.42.04:023][  0]LogTexture: Display: Building textures: LQ_Lightmap_1_1 (DXT1, 2048X2048)
[2019.12.02-15.42.04:023][  0]LogTexture: Display: Building textures: LQ_Lightmap_1_2 (DXT1, 2048X2048)
[2019.12.02-15.42.04:023][  0]LogTexture: Display: Building textures: LQ_Lightmap_1_3 (DXT1, 2048X2048)
[2019.12.02-15.42.04:023][  0]LogTexture: Display: Building textures: HQ_Lightmap1_4 (AutoDXT, 2048X2048)
[2019.12.02-15.42.04:023][  0]LogTexture: Display: Building textures: HQ_Lightmap1_3 (AutoDXT, 2048X2048)
[2019.12.02-15.42.04:023][  0]LogTexture: Display: Building textures: SkyOcclusion1_3 (AutoDXT, 2048X1024)
[2019.12.02-15.42.04:023][  0]LogTexture: Display: Building textures: SkyOcclusion1_4 (AutoDXT, 2048X1024)
[2019.12.02-15.42.04:023][  0]LogTexture: Display: Building textures: SkyOcclusion1_5 (AutoDXT, 64X32)
[2019.12.02-15.42.04:060][  0]LogAIModule: Creating AISystem for world FirstPersonExampleMap
[2019.12.02-15.42.04:068][  0]LogEditorServer: Finished looking for orphan Actors (0.000 secs)
[2019.12.02-15.42.04:091][  0]LogD3D12RHI: Display: Root signature created where the root parameters take up 18 DWORDS. Using more than 12 DWORDs can negatively impact performance depending on the hardware and root parameter usage.
[2019.12.02-15.42.04:091][  0]LogD3D12RHI: Display: Root signature created where the root parameters take up 18 DWORDS. Using more than 12 DWORDs can negatively impact performance depending on the hardware and root parameter usage.
[2019.12.02-15.42.04:091][  0]LogD3D12RHI: Display: Root signature created where the root parameters take up 18 DWORDS. Using more than 12 DWORDs can negatively impact performance depending on the hardware and root parameter usage.
[2019.12.02-15.42.04:091][  0]LogD3D12RHI: Display: Root signature created where the root parameters take up 18 DWORDS. Using more than 12 DWORDs can negatively impact performance depending on the hardware and root parameter usage.
[2019.12.02-15.42.04:093][  0]LogUObjectHash: Compacting FUObjectHashTables data took   1.65ms
[2019.12.02-15.42.04:094][  0]Cmd: MAP CHECKDEP NOCLEARLOG
[2019.12.02-15.42.04:094][  0]MapCheck: Map check complete: 0 Error(s), 0 Warning(s), took 0,145ms to complete.
[2019.12.02-15.42.04:094][  0]LogFileHelpers: Loading map 'FirstPersonExampleMap' took 1.613
[2019.12.02-15.42.04:187][  0]LogSlate: Updating window title bar state: overlay mode, drag disabled, window buttons hidden, title bar hidden
[2019.12.02-15.42.04:194][  0]LogSlate: Updating window title bar state: overlay mode, drag disabled, window buttons hidden, title bar hidden
[2019.12.02-15.42.04:200][  0]LogSlate: Updating window title bar state: overlay mode, drag disabled, window buttons hidden, title bar hidden
[2019.12.02-15.42.04:205][  0]LogSlate: Updating window title bar state: overlay mode, drag disabled, window buttons hidden, title bar hidden
[2019.12.02-15.42.04:210][  0]LogCollectionManager: Loaded 0 collections in 0.001449 seconds
[2019.12.02-15.42.04:248][  0]LogFileCache: Scanning file cache for directory 'C:/Users/drhut/OneDrive/Documentos/Unreal Projects/Prevertical/Saved/Collections/' took 0.01s
[2019.12.02-15.42.04:248][  0]LogFileCache: Scanning file cache for directory 'C:/Users/drhut/OneDrive/Documentos/Unreal Projects/Prevertical/Content/Developers/drhut/Collections/' took 0.01s
[2019.12.02-15.42.04:248][  0]LogFileCache: Scanning file cache for directory 'C:/Users/drhut/OneDrive/Documentos/Unreal Projects/Prevertical/Content/Collections/' took 0.01s
[2019.12.02-15.42.04:248][  0]LogCollectionManager: Rebuilt the GUID cache for 0 collections in 0.000000 seconds
[2019.12.02-15.42.04:255][  0]LogContentBrowser: Native class hierarchy populated in 0.0067 seconds. Added 2732 classes and 659 folders.
[2019.12.02-15.42.04:262][  0]LogContentBrowser: Native class hierarchy updated for 'WidgetCarousel' in 0.0002 seconds. Added 0 classes and 0 folders.
[2019.12.02-15.42.04:263][  0]LogPakFile: Registered encryption key '00000000000000000000000000000000': 0 pak files mounted, 0 remain pending
[2019.12.02-15.42.04:263][  0]LogPakFile: Registered encryption key '00000000000000000000000000000000': 0 pak files mounted, 0 remain pending
[2019.12.02-15.42.04:264][  0]LogPakFile: Registered encryption key '00000000000000000000000000000000': 0 pak files mounted, 0 remain pending
[2019.12.02-15.42.04:264][  0]LogPakFile: Registered encryption key '00000000000000000000000000000000': 0 pak files mounted, 0 remain pending
[2019.12.02-15.42.04:264][  0]LogPakFile: Registered encryption key '00000000000000000000000000000000': 0 pak files mounted, 0 remain pending
[2019.12.02-15.42.04:265][  0]LogPakFile: Registered encryption key '00000000000000000000000000000000': 0 pak files mounted, 0 remain pending
[2019.12.02-15.42.04:265][  0]LogPakFile: Registered encryption key '00000000000000000000000000000000': 0 pak files mounted, 0 remain pending
[2019.12.02-15.42.04:265][  0]LogPakFile: Registered encryption key '00000000000000000000000000000000': 0 pak files mounted, 0 remain pending
[2019.12.02-15.42.04:266][  0]LogPakFile: Registered encryption key '00000000000000000000000000000000': 0 pak files mounted, 0 remain pending
[2019.12.02-15.42.04:266][  0]LogPakFile: Registered encryption key '00000000000000000000000000000000': 0 pak files mounted, 0 remain pending
[2019.12.02-15.42.04:266][  0]LogPakFile: Registered encryption key '00000000000000000000000000000000': 0 pak files mounted, 0 remain pending
[2019.12.02-15.42.04:267][  0]LogPakFile: Registered encryption key '00000000000000000000000000000000': 0 pak files mounted, 0 remain pending
[2019.12.02-15.42.04:267][  0]LogPakFile: Registered encryption key '00000000000000000000000000000000': 0 pak files mounted, 0 remain pending
[2019.12.02-15.42.04:268][  0]LogPakFile: Registered encryption key '00000000000000000000000000000000': 0 pak files mounted, 0 remain pending
[2019.12.02-15.42.04:268][  0]LogPakFile: Registered encryption key '00000000000000000000000000000000': 0 pak files mounted, 0 remain pending
[2019.12.02-15.42.04:268][  0]LogPakFile: Registered encryption key '00000000000000000000000000000000': 0 pak files mounted, 0 remain pending
[2019.12.02-15.42.04:269][  0]LogPakFile: Registered encryption key '00000000000000000000000000000000': 0 pak files mounted, 0 remain pending
[2019.12.02-15.42.04:269][  0]LogPakFile: Registered encryption key '00000000000000000000000000000000': 0 pak files mounted, 0 remain pending
[2019.12.02-15.42.04:269][  0]LogPakFile: Registered encryption key '00000000000000000000000000000000': 0 pak files mounted, 0 remain pending
[2019.12.02-15.42.04:270][  0]LogPakFile: Registered encryption key '00000000000000000000000000000000': 0 pak files mounted, 0 remain pending
[2019.12.02-15.42.04:270][  0]LogPakFile: Registered encryption key '00000000000000000000000000000000': 0 pak files mounted, 0 remain pending
[2019.12.02-15.42.04:270][  0]LogPakFile: Registered encryption key '00000000000000000000000000000000': 0 pak files mounted, 0 remain pending
[2019.12.02-15.42.04:271][  0]LogPakFile: Registered encryption key '00000000000000000000000000000000': 0 pak files mounted, 0 remain pending
[2019.12.02-15.42.04:271][  0]LogPakFile: Registered encryption key '00000000000000000000000000000000': 0 pak files mounted, 0 remain pending
[2019.12.02-15.42.04:272][  0]LogPakFile: Registered encryption key '00000000000000000000000000000000': 0 pak files mounted, 0 remain pending
[2019.12.02-15.42.04:272][  0]LogPakFile: Registered encryption key '00000000000000000000000000000000': 0 pak files mounted, 0 remain pending
[2019.12.02-15.42.04:293][  0]LogContentBrowser: Native class hierarchy updated for 'AddContentDialog' in 0.0002 seconds. Added 0 classes and 0 folders.
[2019.12.02-15.42.04:297][  0]LogContentBrowser: Native class hierarchy updated for 'SceneOutliner' in 0.0002 seconds. Added 1 classes and 2 folders.
[2019.12.02-15.42.05:413][  0]LogSlate: Only BGRA pngs, bmps or icos are supported in by External Image Picker
[2019.12.02-15.42.05:467][  0]LogSlate: Took 0.000116 seconds to synchronously load lazily loaded font '../../../Engine/Content/Slate/Fonts/Roboto-Regular.ttf' (155K)
[2019.12.02-15.42.05:469][  0]LogSlate: Took 0.000109 seconds to synchronously load lazily loaded font '../../../Engine/Content/Slate/Fonts/Roboto-Bold.ttf' (160K)
[2019.12.02-15.42.05:473][  0]LogSlate: Took 0.000106 seconds to synchronously load lazily loaded font '../../../Engine/Content/Editor/Slate/Fonts/FontAwesome.ttf' (139K)
[2019.12.02-15.42.05:507][  0]LogRenderer: Reallocating scene render targets to support 1056x572 Format 10 NumSamples 1 (Frame:1).
[2019.12.02-15.42.05:698][  0]LogD3D12RHI: Creating RTPSO with 34 shaders (0 cached, 34 new) took 167.37 ms. Compile time 158.32 ms, link time 8.98 ms.
[2019.12.02-15.42.05:722][  0]LogD3D12RHI: Display: Root signature created where the root parameters take up 13 DWORDS. Using more than 12 DWORDs can negatively impact performance depending on the hardware and root parameter usage.
[2019.12.02-15.42.05:805][  0]LogD3D12RHI: Display: Root signature created where the root parameters take up 15 DWORDS. Using more than 12 DWORDs can negatively impact performance depending on the hardware and root parameter usage.
[2019.12.02-15.42.05:967][  0]LogContentBrowser: Native class hierarchy updated for 'HierarchicalLODOutliner' in 0.0002 seconds. Added 0 classes and 0 folders.
[2019.12.02-15.42.05:967][  0]LogLoad: (Engine Initialization) Total time: 10.39 seconds
[2019.12.02-15.42.05:968][  0]LogLoad: (Engine Initialization) Total Blueprint compile time: 0.00 seconds
[2019.12.02-15.42.06:022][  0]LogD3D12RHI: Display: Root signature created where the root parameters take up 16 DWORDS. Using more than 12 DWORDs can negatively impact performance depending on the hardware and root parameter usage.
[2019.12.02-15.42.06:023][  0]LogD3D12RHI: Display: Root signature created where the root parameters take up 18 DWORDS. Using more than 12 DWORDs can negatively impact performance depending on the hardware and root parameter usage.
[2019.12.02-15.42.06:023][  0]LogD3D12RHI: Display: Root signature created where the root parameters take up 18 DWORDS. Using more than 12 DWORDs can negatively impact performance depending on the hardware and root parameter usage.
[2019.12.02-15.42.06:023][  0]LogAssetRegistry: Asset discovery search completed in 6.7890 seconds
[2019.12.02-15.42.06:024][  0]LogCollectionManager: Rebuilt the object cache for 0 collections in 0.000000 seconds (found 0 objects)
[2019.12.02-15.42.06:024][  0]LogCollectionManager: Fixed up redirectors for 0 collections in 0.000041 seconds (updated 0 objects)
[2019.12.02-15.42.06:025][  0]LogContentStreaming: Texture pool size now 1000 MB
[2019.12.02-15.42.06:047][  0]LogSlate: Took 0.000122 seconds to synchronously load lazily loaded font '../../../Engine/Content/Slate/Fonts/Roboto-Light.ttf' (167K)
[2019.12.02-15.42.06:056][  1]LogD3D12RHI: Creating RTPSO with 37 shaders (34 cached, 3 new) took 38.82 ms. Compile time 37.25 ms, link time 1.52 ms.
[2019.12.02-15.42.06:087][  2]LogD3D12RHI: Display: Root signature created where the root parameters take up 18 DWORDS. Using more than 12 DWORDs can negatively impact performance depending on the hardware and root parameter usage.
[2019.12.02-15.42.06:176][  3]LogD3D12RHI: Creating RTPSO with 39 shaders (37 cached, 2 new) took 56.16 ms. Compile time 54.56 ms, link time 1.56 ms.
[2019.12.02-15.42.06:184][  3]LogD3D12RHI: Display: Root signature created where the root parameters take up 18 DWORDS. Using more than 12 DWORDs can negatively impact performance depending on the hardware and root parameter usage.
[2019.12.02-15.42.06:215][  3]LogD3D12RHI: Creating RTPSO with 40 shaders (39 cached, 1 new) took 29.66 ms. Compile time 27.50 ms, link time 2.11 ms.
[2019.12.02-15.42.06:270][  3]LogD3D12RHI: Display: Root signature created where the root parameters take up 15 DWORDS. Using more than 12 DWORDs can negatively impact performance depending on the hardware and root parameter usage.
[2019.12.02-15.42.07:011][ 40]LogD3D12RHI: Display: Root signature created where the root parameters take up 15 DWORDS. Using more than 12 DWORDs can negatively impact performance depending on the hardware and root parameter usage.
[2019.12.02-15.42.07:011][ 40]LogSlate: Took 0.000145 seconds to synchronously load lazily loaded font '../../../Engine/Content/Slate/Fonts/Roboto-Light.ttf' (167K)
[2019.12.02-15.42.07:718][ 82]LogSlate: FSceneViewport::OnFocusLost() reason 0
[2019.12.02-15.42.09:923][214]LogSlate: FSceneViewport::OnFocusLost() reason 0
[2019.12.02-15.42.10:096][223]LogAssetEditorManager: Opening Asset editor for Blueprint /Game/Blueprints/EnemyPlayer.EnemyPlayer
[2019.12.02-15.42.10:304][223]LogContentBrowser: Native class hierarchy updated for 'BlueprintGraph' in 0.0004 seconds. Added 121 classes and 0 folders.
[2019.12.02-15.42.10:960][223]LogAssetEditorManager: Opening Asset editor for Blueprint /Game/FirstPersonBP/Blueprints/FirstPersonCharacter.FirstPersonCharacter
[2019.12.02-15.42.11:233][223]LogAssetEditorManager: Opening Asset editor for Material /Game/Geometry/Meshes/CubeMaterial.CubeMaterial
[2019.12.02-15.42.11:236][223]LogMaterial: Display: Missing cached shader map for material CubeMaterial, compiling. 
[2019.12.02-15.42.11:523][223]LogMaterial: Display: Missing cached shader map for material CubeMaterial, compiling. 
[2019.12.02-15.42.11:542][223]LogMaterial: Display: Missing cached shader map for material CubeMaterial, compiling. 
[2019.12.02-15.42.11:566][223]LogShaderCompilers: Display: Shaders left to compile 40
[2019.12.02-15.42.11:590][223]LogMaterial: Display: Missing cached shader map for material FMatExpressionPreview MaterialExpressionConstant3Vector_0, compiling. 
[2019.12.02-15.42.11:634][223]LogSlate: Took 0.000163 seconds to synchronously load lazily loaded font '../../../Engine/Content/Slate/Fonts/Roboto-BoldCondensed.ttf' (158K)
[2019.12.02-15.42.11:716][224]LogD3D12RHI: Creating RTPSO with 44 shaders (40 cached, 4 new) took 28.57 ms. Compile time 25.43 ms, link time 3.08 ms.
[2019.12.02-15.42.11:716][224]LogD3D12RHI: Display: Root signature created where the root parameters take up 13 DWORDS. Using more than 12 DWORDs can negatively impact performance depending on the hardware and root parameter usage.
[2019.12.02-15.42.12:130][241]LogShaderCompilers: Display: Shaders left to compile 30
[2019.12.02-15.42.12:690][273]LogShaderCompilers: Display: Shaders left to compile 20
[2019.12.02-15.42.13:338][308]LogShaderCompilers: Display: Shaders left to compile 10
[2019.12.02-15.42.14:218][360]MaterialEditorStats: Base pass shader: 108 instructions
[2019.12.02-15.42.14:218][360]MaterialEditorStats: Base pass shader with Surface Lightmap: 136 instructions
[2019.12.02-15.42.14:218][360]MaterialEditorStats: Base pass shader with Volumetric Lightmap: 182 instructions
[2019.12.02-15.42.14:218][360]MaterialEditorStats: Base pass vertex shader: 41 instructions
[2019.12.02-15.42.14:218][360]MaterialEditorStats: Texture samplers: 3/16
[2019.12.02-15.42.14:250][362]LogD3D12RHI: Creating RTPSO with 45 shaders (44 cached, 1 new) took 30.32 ms. Compile time 27.24 ms, link time 2.99 ms.
[2019.12.02-15.42.14:551][380]LogSlate: FSceneViewport::OnFocusLost() reason 0
[2019.12.02-15.42.14:684][388]LogTemp: Repeating last play command: Selected Viewport
[2019.12.02-15.42.14:699][388]LogBlueprintUserMessages: Early PlayInEditor Detection: Level '/Game/FirstPersonBP/Maps/FirstPersonExampleMap.FirstPersonExampleMap:PersistentLevel' has LevelScriptBlueprint '/Game/FirstPersonBP/Maps/FirstPersonExampleMap.FirstPersonExampleMap:PersistentLevel.FirstPersonExampleMap' with GeneratedClass '/Game/FirstPersonBP/Maps/FirstPersonExampleMap.FirstPersonExampleMap_C' with ClassGeneratedBy '/Game/FirstPersonBP/Maps/FirstPersonExampleMap.FirstPersonExampleMap:PersistentLevel.FirstPersonExampleMap'
[2019.12.02-15.42.14:699][388]LogPlayLevel: PlayLevel: No blueprints needed recompiling
[2019.12.02-15.42.14:700][388]PIE: New page: PIE session: FirstPersonExampleMap (2/12/2019 17:42:14)
[2019.12.02-15.42.14:712][388]LogPlayLevel: Creating play world package: /Game/FirstPersonBP/Maps/UEDPIE_0_FirstPersonExampleMap
[2019.12.02-15.42.14:724][388]LogPlayLevel: PIE: StaticDuplicateObject took: (0.012819s)
[2019.12.02-15.42.14:725][388]LogAIModule: Creating AISystem for world FirstPersonExampleMap
[2019.12.02-15.42.14:725][388]LogPlayLevel: PIE: World Init took: (0.000539s)
[2019.12.02-15.42.14:725][388]LogPlayLevel: PIE: Created PIE world by copying editor world from /Game/FirstPersonBP/Maps/FirstPersonExampleMap.FirstPersonExampleMap to /Game/FirstPersonBP/Maps/UEDPIE_0_FirstPersonExampleMap.FirstPersonExampleMap (0.013633s)
[2019.12.02-15.42.14:755][388]LogUObjectHash: Compacting FUObjectHashTables data took   2.38ms
[2019.12.02-15.42.14:782][388]LogInit: XAudio2 using 'Altavoces (SoundCore Boost Stereo)' : 2 channels at 44.1 kHz using 16 bits per sample (channel mask 0x3)
[2019.12.02-15.42.14:793][388]LogInit: FAudioDevice initialized.
[2019.12.02-15.42.14:836][388]LogLoad: Game class is 'FirstPersonGameMode_C'
[2019.12.02-15.42.14:838][388]LogWorld: Bringing World /Game/FirstPersonBP/Maps/UEDPIE_0_FirstPersonExampleMap.FirstPersonExampleMap up for play (max tick rate 60) at 2019.12.02-16.42.14
[2019.12.02-15.42.14:839][388]LogWorld: Bringing up level for play took: 0.001906
[2019.12.02-15.42.14:854][388]LogBlueprintActionDatabase: Requesting refresh due to module change: Voice (loaded)
[2019.12.02-15.42.14:856][388]LogBlueprintActionDatabase: Requesting refresh due to module change: MovieSceneCapture (loaded)
[2019.12.02-15.42.14:856][388]LogContentBrowser: Native class hierarchy updated for 'MovieSceneCapture' in 0.0002 seconds. Added 20 classes and 0 folders.
[2019.12.02-15.42.14:857][388]LogNavigation: Warning: UNavigationSystemV1::SimpleMoveToActor called for NavSys:None Controller:None controlling Pawn:NULL with goal actor TargetPoint_1 (if any of these is None then there's your problem
[2019.12.02-15.42.14:857][388]LogNavigation: Warning: UNavigationSystemV1::SimpleMoveToActor called for NavSys:None Controller:None controlling Pawn:NULL with goal actor TargetPoint_1 (if any of these is None then there's your problem
[2019.12.02-15.42.14:857][388]PIE: Play in editor start time for /Game/FirstPersonBP/Maps/UEDPIE_0_FirstPersonExampleMap -0,175
[2019.12.02-15.42.14:857][388]LogBlueprintUserMessages: Late PlayInEditor Detection: Level '/Game/FirstPersonBP/Maps/FirstPersonExampleMap.FirstPersonExampleMap:PersistentLevel' has LevelScriptBlueprint '/Game/FirstPersonBP/Maps/FirstPersonExampleMap.FirstPersonExampleMap:PersistentLevel.FirstPersonExampleMap' with GeneratedClass '/Game/FirstPersonBP/Maps/FirstPersonExampleMap.FirstPersonExampleMap_C' with ClassGeneratedBy '/Game/FirstPersonBP/Maps/FirstPersonExampleMap.FirstPersonExampleMap:PersistentLevel.FirstPersonExampleMap'
[2019.12.02-15.42.34:251][537]LogBlueprintUserMessages: Early EndPlayMap Detection: Level '/Game/FirstPersonBP/Maps/FirstPersonExampleMap.FirstPersonExampleMap:PersistentLevel' has LevelScriptBlueprint '/Game/FirstPersonBP/Maps/FirstPersonExampleMap.FirstPersonExampleMap:PersistentLevel.FirstPersonExampleMap' with GeneratedClass '/Game/FirstPersonBP/Maps/FirstPersonExampleMap.FirstPersonExampleMap_C' with ClassGeneratedBy '/Game/FirstPersonBP/Maps/FirstPersonExampleMap.FirstPersonExampleMap:PersistentLevel.FirstPersonExampleMap'
[2019.12.02-15.42.34:251][537]LogSlate: Updating window title bar state: overlay mode, drag disabled, window buttons hidden, title bar hidden
[2019.12.02-15.42.34:288][537]LogPlayLevel: Display: Shutting down PIE online subsystems
[2019.12.02-15.42.34:288][537]LogBlueprintUserMessages: Late EndPlayMap Detection: Level '/Game/FirstPersonBP/Maps/FirstPersonExampleMap.FirstPersonExampleMap:PersistentLevel' has LevelScriptBlueprint '/Game/FirstPersonBP/Maps/FirstPersonExampleMap.FirstPersonExampleMap:PersistentLevel.FirstPersonExampleMap' with GeneratedClass '/Game/FirstPersonBP/Maps/FirstPersonExampleMap.FirstPersonExampleMap_C' with ClassGeneratedBy '/Game/FirstPersonBP/Maps/FirstPersonExampleMap.FirstPersonExampleMap:PersistentLevel.FirstPersonExampleMap'
[2019.12.02-15.42.34:325][537]LogSlate: Updating window title bar state: overlay mode, drag disabled, window buttons hidden, title bar hidden
[2019.12.02-15.42.34:341][537]LogUObjectHash: Compacting FUObjectHashTables data took   3.99ms
[2019.12.02-15.42.34:360][538]LogPlayLevel: Display: Destroying online subsystem :Context_5
[2019.12.02-15.42.37:189][706]LogSlate: FSceneViewport::OnFocusLost() reason 0
[2019.12.02-15.42.37:473][718]LogSlate: Took 0.000174 seconds to synchronously load lazily loaded font '../../../Engine/Content/Slate/Fonts/Roboto-Italic.ttf' (157K)
[2019.12.02-15.42.56:274][842]LogTemp: Repeating last play command: Selected Viewport
[2019.12.02-15.42.56:287][842]LogBlueprintUserMessages: Early PlayInEditor Detection: Level '/Game/FirstPersonBP/Maps/FirstPersonExampleMap.FirstPersonExampleMap:PersistentLevel' has LevelScriptBlueprint '/Game/FirstPersonBP/Maps/FirstPersonExampleMap.FirstPersonExampleMap:PersistentLevel.FirstPersonExampleMap' with GeneratedClass '/Game/FirstPersonBP/Maps/FirstPersonExampleMap.FirstPersonExampleMap_C' with ClassGeneratedBy '/Game/FirstPersonBP/Maps/FirstPersonExampleMap.FirstPersonExampleMap:PersistentLevel.FirstPersonExampleMap'
[2019.12.02-15.42.56:287][842]LogPlayLevel: PlayLevel: No blueprints needed recompiling
[2019.12.02-15.42.56:287][842]PIE: New page: PIE session: FirstPersonExampleMap (2/12/2019 17:42:56)
[2019.12.02-15.42.56:288][842]LogPlayLevel: Creating play world package: /Game/FirstPersonBP/Maps/UEDPIE_0_FirstPersonExampleMap
[2019.12.02-15.42.56:299][842]LogPlayLevel: PIE: StaticDuplicateObject took: (0.010971s)
[2019.12.02-15.42.56:300][842]LogAIModule: Creating AISystem for world FirstPersonExampleMap
[2019.12.02-15.42.56:300][842]LogPlayLevel: PIE: World Init took: (0.000825s)
[2019.12.02-15.42.56:300][842]LogPlayLevel: PIE: Created PIE world by copying editor world from /Game/FirstPersonBP/Maps/FirstPersonExampleMap.FirstPersonExampleMap to /Game/FirstPersonBP/Maps/UEDPIE_0_FirstPersonExampleMap.FirstPersonExampleMap (0.012196s)
[2019.12.02-15.42.56:331][842]LogUObjectHash: Compacting FUObjectHashTables data took   2.01ms
[2019.12.02-15.42.56:357][842]LogInit: XAudio2 using 'Altavoces (SoundCore Boost Stereo)' : 2 channels at 44.1 kHz using 16 bits per sample (channel mask 0x3)
[2019.12.02-15.42.56:367][842]LogInit: FAudioDevice initialized.
[2019.12.02-15.42.56:398][842]LogLoad: Game class is 'FirstPersonGameMode_C'
[2019.12.02-15.42.56:399][842]LogWorld: Bringing World /Game/FirstPersonBP/Maps/UEDPIE_0_FirstPersonExampleMap.FirstPersonExampleMap up for play (max tick rate 60) at 2019.12.02-16.42.56
[2019.12.02-15.42.56:400][842]LogWorld: Bringing up level for play took: 0.001532
[2019.12.02-15.42.56:411][842]LogNavigation: Warning: UNavigationSystemV1::SimpleMoveToActor called for NavSys:None Controller:None controlling Pawn:NULL with goal actor TargetPoint_1 (if any of these is None then there's your problem
[2019.12.02-15.42.56:411][842]LogNavigation: Warning: UNavigationSystemV1::SimpleMoveToActor called for NavSys:None Controller:None controlling Pawn:NULL with goal actor TargetPoint_1 (if any of these is None then there's your problem
[2019.12.02-15.42.56:411][842]PIE: Play in editor start time for /Game/FirstPersonBP/Maps/UEDPIE_0_FirstPersonExampleMap -0,621
[2019.12.02-15.42.56:412][842]LogBlueprintUserMessages: Late PlayInEditor Detection: Level '/Game/FirstPersonBP/Maps/FirstPersonExampleMap.FirstPersonExampleMap:PersistentLevel' has LevelScriptBlueprint '/Game/FirstPersonBP/Maps/FirstPersonExampleMap.FirstPersonExampleMap:PersistentLevel.FirstPersonExampleMap' with GeneratedClass '/Game/FirstPersonBP/Maps/FirstPersonExampleMap.FirstPersonExampleMap_C' with ClassGeneratedBy '/Game/FirstPersonBP/Maps/FirstPersonExampleMap.FirstPersonExampleMap:PersistentLevel.FirstPersonExampleMap'
[2019.12.02-15.42.57:723][920]Cmd: LevelEditor.ToggleImmersive
[2019.12.02-15.42.57:867][921]LogRenderer: Reallocating scene render targets to support 1372x744 Format 10 NumSamples 1 (Frame:80).
[2019.12.02-15.42.57:932][922]LogRenderer: Reallocating scene render targets to support 1920x1040 Format 10 NumSamples 1 (Frame:82).
[2019.12.02-15.42.57:933][922]LogSlate: FSceneViewport::OnFocusLost() reason 2
[2019.12.02-15.43.44:787][661]LogBlueprintUserMessages: Early EndPlayMap Detection: Level '/Game/FirstPersonBP/Maps/FirstPersonExampleMap.FirstPersonExampleMap:PersistentLevel' has LevelScriptBlueprint '/Game/FirstPersonBP/Maps/FirstPersonExampleMap.FirstPersonExampleMap:PersistentLevel.FirstPersonExampleMap' with GeneratedClass '/Game/FirstPersonBP/Maps/FirstPersonExampleMap.FirstPersonExampleMap_C' with ClassGeneratedBy '/Game/FirstPersonBP/Maps/FirstPersonExampleMap.FirstPersonExampleMap:PersistentLevel.FirstPersonExampleMap'
[2019.12.02-15.43.44:787][661]LogSlate: Updating window title bar state: overlay mode, drag disabled, window buttons hidden, title bar hidden
[2019.12.02-15.43.44:893][661]LogPlayLevel: Display: Shutting down PIE online subsystems
[2019.12.02-15.43.44:893][661]LogBlueprintUserMessages: Late EndPlayMap Detection: Level '/Game/FirstPersonBP/Maps/FirstPersonExampleMap.FirstPersonExampleMap:PersistentLevel' has LevelScriptBlueprint '/Game/FirstPersonBP/Maps/FirstPersonExampleMap.FirstPersonExampleMap:PersistentLevel.FirstPersonExampleMap' with GeneratedClass '/Game/FirstPersonBP/Maps/FirstPersonExampleMap.FirstPersonExampleMap_C' with ClassGeneratedBy '/Game/FirstPersonBP/Maps/FirstPersonExampleMap.FirstPersonExampleMap:PersistentLevel.FirstPersonExampleMap'
[2019.12.02-15.43.44:929][661]LogSlate: Updating window title bar state: overlay mode, drag disabled, window buttons hidden, title bar hidden
[2019.12.02-15.43.44:932][661]LogUObjectHash: Compacting FUObjectHashTables data took   1.60ms
[2019.12.02-15.43.44:950][662]LogPlayLevel: Display: Destroying online subsystem :Context_6
[2019.12.02-15.43.46:515][739]LogSlate: FSceneViewport::OnFocusLost() reason 2
[2019.12.02-15.43.53:021][848]LogD3D12RHI: Warning: Constant Allocator had to grow! Consider making it larger to begin with. New size: 4718592 bytes
[2019.12.02-15.43.53:409][848]LogD3D12RHI: Warning: Constant Allocator had to grow! Consider making it larger to begin with. New size: 7077888 bytes
[2019.12.02-15.43.55:450][964]LogSlate: FSceneViewport::OnFocusLost() reason 0
[2019.12.02-15.43.55:599][973]LogTemp: Repeating last play command: Selected Viewport
[2019.12.02-15.43.55:612][973]LogBlueprintUserMessages: Early PlayInEditor Detection: Level '/Game/FirstPersonBP/Maps/FirstPersonExampleMap.FirstPersonExampleMap:PersistentLevel' has LevelScriptBlueprint '/Game/FirstPersonBP/Maps/FirstPersonExampleMap.FirstPersonExampleMap:PersistentLevel.FirstPersonExampleMap' with GeneratedClass '/Game/FirstPersonBP/Maps/FirstPersonExampleMap.FirstPersonExampleMap_C' with ClassGeneratedBy '/Game/FirstPersonBP/Maps/FirstPersonExampleMap.FirstPersonExampleMap:PersistentLevel.FirstPersonExampleMap'
[2019.12.02-15.43.55:612][973]LogPlayLevel: PlayLevel: No blueprints needed recompiling
[2019.12.02-15.43.55:612][973]PIE: New page: PIE session: FirstPersonExampleMap (2/12/2019 17:43:55)
[2019.12.02-15.43.55:613][973]LogPlayLevel: Creating play world package: /Game/FirstPersonBP/Maps/UEDPIE_0_FirstPersonExampleMap
[2019.12.02-15.43.55:622][973]LogPlayLevel: PIE: StaticDuplicateObject took: (0.009287s)
[2019.12.02-15.43.55:622][973]LogAIModule: Creating AISystem for world FirstPersonExampleMap
[2019.12.02-15.43.55:622][973]LogPlayLevel: PIE: World Init took: (0.000459s)
[2019.12.02-15.43.55:622][973]LogPlayLevel: PIE: Created PIE world by copying editor world from /Game/FirstPersonBP/Maps/FirstPersonExampleMap.FirstPersonExampleMap to /Game/FirstPersonBP/Maps/UEDPIE_0_FirstPersonExampleMap.FirstPersonExampleMap (0.009898s)
[2019.12.02-15.43.55:653][973]LogUObjectHash: Compacting FUObjectHashTables data took   1.55ms
[2019.12.02-15.43.55:679][973]LogInit: XAudio2 using 'Altavoces (SoundCore Boost Stereo)' : 2 channels at 44.1 kHz using 16 bits per sample (channel mask 0x3)
[2019.12.02-15.43.55:688][973]LogInit: FAudioDevice initialized.
[2019.12.02-15.43.55:714][973]LogLoad: Game class is 'FirstPersonGameMode_C'
[2019.12.02-15.43.55:716][973]LogWorld: Bringing World /Game/FirstPersonBP/Maps/UEDPIE_0_FirstPersonExampleMap.FirstPersonExampleMap up for play (max tick rate 60) at 2019.12.02-16.43.55
[2019.12.02-15.43.55:716][973]LogWorld: Bringing up level for play took: 0.001490
[2019.12.02-15.43.55:728][973]LogNavigation: Warning: UNavigationSystemV1::SimpleMoveToActor called for NavSys:None Controller:None controlling Pawn:NULL with goal actor TargetPoint_1 (if any of these is None then there's your problem
[2019.12.02-15.43.55:729][973]LogNavigation: Warning: UNavigationSystemV1::SimpleMoveToActor called for NavSys:None Controller:None controlling Pawn:NULL with goal actor TargetPoint_1 (if any of these is None then there's your problem
[2019.12.02-15.43.55:729][973]PIE: Play in editor start time for /Game/FirstPersonBP/Maps/UEDPIE_0_FirstPersonExampleMap 0,696
[2019.12.02-15.43.55:729][973]LogBlueprintUserMessages: Late PlayInEditor Detection: Level '/Game/FirstPersonBP/Maps/FirstPersonExampleMap.FirstPersonExampleMap:PersistentLevel' has LevelScriptBlueprint '/Game/FirstPersonBP/Maps/FirstPersonExampleMap.FirstPersonExampleMap:PersistentLevel.FirstPersonExampleMap' with GeneratedClass '/Game/FirstPersonBP/Maps/FirstPersonExampleMap.FirstPersonExampleMap_C' with ClassGeneratedBy '/Game/FirstPersonBP/Maps/FirstPersonExampleMap.FirstPersonExampleMap:PersistentLevel.FirstPersonExampleMap'
[2019.12.02-15.43.57:929][104]Cmd: LevelEditor.ToggleImmersive
[2019.12.02-15.43.58:124][106]LogSlate: FSceneViewport::OnFocusLost() reason 2
[2019.12.02-15.44.05:873][570]LogBlueprintUserMessages: Early EndPlayMap Detection: Level '/Game/FirstPersonBP/Maps/FirstPersonExampleMap.FirstPersonExampleMap:PersistentLevel' has LevelScriptBlueprint '/Game/FirstPersonBP/Maps/FirstPersonExampleMap.FirstPersonExampleMap:PersistentLevel.FirstPersonExampleMap' with GeneratedClass '/Game/FirstPersonBP/Maps/FirstPersonExampleMap.FirstPersonExampleMap_C' with ClassGeneratedBy '/Game/FirstPersonBP/Maps/FirstPersonExampleMap.FirstPersonExampleMap:PersistentLevel.FirstPersonExampleMap'
[2019.12.02-15.44.05:873][570]LogSlate: Updating window title bar state: overlay mode, drag disabled, window buttons hidden, title bar hidden
[2019.12.02-15.44.05:938][570]LogPlayLevel: Display: Shutting down PIE online subsystems
[2019.12.02-15.44.05:939][570]LogBlueprintUserMessages: Late EndPlayMap Detection: Level '/Game/FirstPersonBP/Maps/FirstPersonExampleMap.FirstPersonExampleMap:PersistentLevel' has LevelScriptBlueprint '/Game/FirstPersonBP/Maps/FirstPersonExampleMap.FirstPersonExampleMap:PersistentLevel.FirstPersonExampleMap' with GeneratedClass '/Game/FirstPersonBP/Maps/FirstPersonExampleMap.FirstPersonExampleMap_C' with ClassGeneratedBy '/Game/FirstPersonBP/Maps/FirstPersonExampleMap.FirstPersonExampleMap:PersistentLevel.FirstPersonExampleMap'
[2019.12.02-15.44.05:970][570]LogSlate: Updating window title bar state: overlay mode, drag disabled, window buttons hidden, title bar hidden
[2019.12.02-15.44.05:973][570]LogUObjectHash: Compacting FUObjectHashTables data took   1.73ms
[2019.12.02-15.44.05:989][571]LogPlayLevel: Display: Destroying online subsystem :Context_7
[2019.12.02-15.44.08:186][695]LogSlate: FSceneViewport::OnFocusLost() reason 2
[2019.12.02-15.44.12:540][893]LogThreadingWindows: Error: Runnable thread RHIThread crashed.
[2019.12.02-15.44.12:540][893]LogWindows: Error: === Critical error: ===
[2019.12.02-15.44.12:540][893]LogWindows: Error: 
[2019.12.02-15.44.12:540][893]LogWindows: Error: Fatal error!
[2019.12.02-15.44.12:540][893]LogWindows: Error: 
[2019.12.02-15.44.12:540][893]LogWindows: Error: Unhandled Exception: EXCEPTION_ACCESS_VIOLATION reading address 0x00000048
[2019.12.02-15.44.12:540][893]LogWindows: Error: 
[2019.12.02-15.44.12:540][893]LogWindows: Error: [Callstack] 0x00007ffd0f529a90 nvwgf2umx.dll!UnknownFunction []
[2019.12.02-15.44.12:540][893]LogWindows: Error: [Callstack] 0x00007ffd0f4f95df nvwgf2umx.dll!UnknownFunction []
[2019.12.02-15.44.12:540][893]LogWindows: Error: [Callstack] 0x00007ffd0f18c20b nvwgf2umx.dll!UnknownFunction []
[2019.12.02-15.44.12:540][893]LogWindows: Error: [Callstack] 0x00007ffd0e744d4a nvwgf2umx.dll!UnknownFunction []
[2019.12.02-15.44.12:540][893]LogWindows: Error: [Callstack] 0x00007ffd0f2d206c nvwgf2umx.dll!UnknownFunction []
[2019.12.02-15.44.12:540][893]LogWindows: Error: [Callstack] 0x00007ffd0f1a6488 nvwgf2umx.dll!UnknownFunction []
[2019.12.02-15.44.12:540][893]LogWindows: Error: [Callstack] 0x00007ffd0f47d56a nvwgf2umx.dll!UnknownFunction []
[2019.12.02-15.44.12:540][893]LogWindows: Error: [Callstack] 0x00007ffd0f47b762 nvwgf2umx.dll!UnknownFunction []
[2019.12.02-15.44.12:540][893]LogWindows: Error: [Callstack] 0x00007ffd0e823061 nvwgf2umx.dll!UnknownFunction []
[2019.12.02-15.44.12:540][893]LogWindows: Error: [Callstack] 0x00007ffd0e99a1e9 nvwgf2umx.dll!UnknownFunction []
[2019.12.02-15.44.12:540][893]LogWindows: Error: [Callstack] 0x00007ffd0e7ea693 nvwgf2umx.dll!UnknownFunction []
[2019.12.02-15.44.12:540][893]LogWindows: Error: [Callstack] 0x00007ffd0a7482ba d3d12.dll!UnknownFunction []
[2019.12.02-15.44.12:540][893]LogWindows: Error: [Callstack] 0x00007ffd0a747950 d3d12.dll!UnknownFunction []
[2019.12.02-15.44.12:540][893]LogWindows: Error: [Callstack] 0x00007ffd55622d05 dxgi.dll!UnknownFunction []
[2019.12.02-15.44.12:540][893]LogWindows: Error: [Callstack] 0x00007ffd5562504b dxgi.dll!UnknownFunction []
[2019.12.02-15.44.12:540][893]LogWindows: Error: [Callstack] 0x00007ffd555e09bf dxgi.dll!UnknownFunction []
[2019.12.02-15.44.12:540][893]LogWindows: Error: [Callstack] 0x00007ffd555b4ca4 dxgi.dll!UnknownFunction []
[2019.12.02-15.44.12:540][893]LogWindows: Error: [Callstack] 0x00007ffd555bad2f dxgi.dll!UnknownFunction []
[2019.12.02-15.44.12:540][893]LogWindows: Error: [Callstack] 0x00007ffd555b9c1b dxgi.dll!UnknownFunction []
[2019.12.02-15.44.12:540][893]LogWindows: Error: [Callstack] 0x00007ffd555b43cf dxgi.dll!UnknownFunction []
[2019.12.02-15.44.12:540][893]LogWindows: Error: [Callstack] 0x00007ffcc788fe1e UE4Editor-D3D12RHI.dll!UnknownFunction []
[2019.12.02-15.44.12:540][893]LogWindows: Error: [Callstack] 0x00007ffcc788fa8a UE4Editor-D3D12RHI.dll!UnknownFunction []
[2019.12.02-15.44.12:540][893]LogWindows: Error: [Callstack] 0x00007ffcc7892963 UE4Editor-D3D12RHI.dll!UnknownFunction []
[2019.12.02-15.44.12:540][893]LogWindows: Error: [Callstack] 0x00007ffd1bfbe8e0 UE4Editor-RHI.dll!UnknownFunction []
[2019.12.02-15.44.12:540][893]LogWindows: Error: [Callstack] 0x00007ffd1bfb1519 UE4Editor-RHI.dll!UnknownFunction []
[2019.12.02-15.44.12:540][893]LogWindows: Error: [Callstack] 0x00007ffd1bfbfe50 UE4Editor-RHI.dll!UnknownFunction []
[2019.12.02-15.44.12:540][893]LogWindows: Error: [Callstack] 0x00007ffce53b22d8 UE4Editor-Core.dll!UnknownFunction []
[2019.12.02-15.44.12:540][893]LogWindows: Error: [Callstack] 0x00007ffce53b2563 UE4Editor-Core.dll!UnknownFunction []
[2019.12.02-15.44.12:540][893]LogWindows: Error: [Callstack] 0x00007ffd18dac111 UE4Editor-RenderCore.dll!UnknownFunction []
[2019.12.02-15.44.12:540][893]LogWindows: Error: [Callstack] 0x00007ffce57a4b3f UE4Editor-Core.dll!UnknownFunction []
[2019.12.02-15.44.12:540][893]LogWindows: Error: [Callstack] 0x00007ffce57a08a7 UE4Editor-Core.dll!UnknownFunction []
[2019.12.02-15.44.12:540][893]LogWindows: Error: [Callstack] 0x00007ffd58647bd4 KERNEL32.DLL!UnknownFunction []
[2019.12.02-15.44.12:540][893]LogWindows: Error: [Callstack] 0x00007ffd59a6ced1 ntdll.dll!UnknownFunction []
[2019.12.02-15.44.12:540][893]LogWindows: Error: 
[2019.12.02-15.44.12:540][893]LogWindows: Error: Crash in runnable thread RHIThread
[2019.12.02-15.44.12:554][893]LogExit: Executing StaticShutdownAfterError
[2019.12.02-15.44.12:554][893]LogWindows: FPlatformMisc::RequestExit(1)
[2019.12.02-15.44.12:564][893]Log file closed, 12/02/19 16:44:12
